#
# There is insufficient memory for the Java Runtime Environment to continue.
# Native memory allocation (malloc) failed to allocate 32744 bytes for ChunkPool::allocate
# Possible reasons:
#   The system is out of physical RAM or swap space
#   The process is running with CompressedOops enabled, and the Java Heap may be blocking the growth of the native heap
# Possible solutions:
#   Reduce memory load on the system
#   Increase physical memory or swap space
#   Check if swap backing store is full
#   Decrease Java heap size (-Xmx/-Xms)
#   Decrease number of Java threads
#   Decrease Java thread stack sizes (-Xss)
#   Set larger code cache with -XX:ReservedCodeCacheSize=
#   JVM is running with Zero Based Compressed Oops mode in which the Java heap is
#     placed in the first 32GB address space. The Java Heap base address is the
#     maximum limit for the native heap growth. Please use -XX:HeapBaseMinAddress
#     to set the Java Heap base and to place the Java Heap above 32GB virtual address.
# This output file may be truncated or incomplete.
#
#  Out of Memory Error (./src/hotspot/share/memory/arena.cpp:81), pid=17120, tid=10064
#
# JRE version: OpenJDK Runtime Environment Temurin-11.0.17+8 (11.0.17+8) (build 11.0.17+8)
# Java VM: OpenJDK 64-Bit Server VM Temurin-11.0.17+8 (11.0.17+8, mixed mode, tiered, compressed oops, g1 gc, windows-amd64)
# No core dump will be written. Minidumps are not enabled by default on client versions of Windows
#

---------------  S U M M A R Y ------------

Command Line: -Djavax.net.ssl.trustStoreType=WINDOWS-ROOT com.st.microxplorer.maingui.STM32CubeMX E:\freertos_project\Smartlocks_Project\Smartlocks_Project.ioc

Host: 12th Gen Intel(R) Core(TM) i7-12650H, 16 cores, 15G,  Windows 11 , 64 bit Build 22621 (10.0.22621.3085)
Time: Fri Jun 21 22:55:34 2024  Windows 11 , 64 bit Build 22621 (10.0.22621.3085) elapsed time: 2945.240167 seconds (0d 0h 49m 5s)

---------------  T H R E A D  ---------------

Current thread (0x000001880d31c800):  JavaThread "C2 CompilerThread0" daemon [_thread_in_native, id=10064, stack(0x0000003c4ac00000,0x0000003c4ad00000)]


Current CompileTask:
C2:2945240 12660   !   4       javax.swing.JComponent::_paintImmediately (891 bytes)

Stack: [0x0000003c4ac00000,0x0000003c4ad00000]
Native frames: (J=compiled Java code, j=interpreted, Vv=VM code, C=native code)
V  [jvm.dll+0x61f5ba]
V  [jvm.dll+0x7abf79]
V  [jvm.dll+0x7ad668]
V  [jvm.dll+0x7add43]
V  [jvm.dll+0x24fd88]
V  [jvm.dll+0xc288b]
V  [jvm.dll+0xc2bec]
V  [jvm.dll+0xc273b]
V  [jvm.dll+0x5fe1d8]
V  [jvm.dll+0x8975c]
V  [jvm.dll+0x5b98cd]
V  [jvm.dll+0x337c39]
V  [jvm.dll+0x33f712]
V  [jvm.dll+0x631a91]
V  [jvm.dll+0x18cd8c]
V  [jvm.dll+0x2c0c46]
V  [jvm.dll+0x63c7b8]
V  [jvm.dll+0x63456f]
V  [jvm.dll+0x633bfb]
V  [jvm.dll+0x631ab5]
V  [jvm.dll+0x18cd8c]
V  [jvm.dll+0x2c0c46]
V  [jvm.dll+0x63c7b8]
V  [jvm.dll+0x63456f]
V  [jvm.dll+0x633bfb]
V  [jvm.dll+0x631ab5]
V  [jvm.dll+0x18cd8c]
V  [jvm.dll+0x2c0c46]
V  [jvm.dll+0x63c7b8]
V  [jvm.dll+0x63456f]
V  [jvm.dll+0x633bfb]
V  [jvm.dll+0x631ab5]
V  [jvm.dll+0x18cd8c]
V  [jvm.dll+0x2c0c46]
V  [jvm.dll+0x63c7b8]
V  [jvm.dll+0x63456f]
V  [jvm.dll+0x633bfb]
V  [jvm.dll+0x631ab5]
V  [jvm.dll+0x18cd8c]
V  [jvm.dll+0x2c0c46]
V  [jvm.dll+0x63c7b8]
V  [jvm.dll+0x63456f]
V  [jvm.dll+0x633bfb]
V  [jvm.dll+0x631ab5]
V  [jvm.dll+0x18cd8c]
V  [jvm.dll+0x2c0c46]
V  [jvm.dll+0x63c7b8]
V  [jvm.dll+0x63456f]
V  [jvm.dll+0x633bfb]
V  [jvm.dll+0x631ab5]
V  [jvm.dll+0x18cd8c]
V  [jvm.dll+0x2c0c46]
V  [jvm.dll+0x63c7b8]
V  [jvm.dll+0x63456f]
V  [jvm.dll+0x633bfb]
V  [jvm.dll+0x631ab5]
V  [jvm.dll+0x18cd8c]
V  [jvm.dll+0x207de8]
V  [jvm.dll+0x18a3b1]
V  [jvm.dll+0x217a34]
V  [jvm.dll+0x215c7b]
V  [jvm.dll+0x76ea70]
V  [jvm.dll+0x7679a4]
V  [jvm.dll+0x61e425]
C  [ucrtbase.dll+0x29363]
C  [KERNEL32.DLL+0x1257d]
C  [ntdll.dll+0x5aa58]


---------------  P R O C E S S  ---------------

Threads class SMR info:
_java_thread_list=0x00000188214da0f0, length=17, elements={
0x000001880d277800, 0x000001880d279000, 0x000001880d30b000, 0x000001880d30c000,
0x000001880d311000, 0x000001880d31c800, 0x000001880d321000, 0x000001880d332800,
0x000001880d4ae000, 0x000001880d4ef000, 0x0000018817a22800, 0x00000188179b2000,
0x00000188179e6000, 0x0000018867bfb800, 0x00000188182ca800, 0x000001881c135000,
0x0000018818383000
}

Java Threads: ( => current thread )
  0x000001880d277800 JavaThread "Reference Handler" daemon [_thread_blocked, id=24996, stack(0x0000003c4a700000,0x0000003c4a800000)]
  0x000001880d279000 JavaThread "Finalizer" daemon [_thread_blocked, id=2904, stack(0x0000003c4a800000,0x0000003c4a900000)]
  0x000001880d30b000 JavaThread "Signal Dispatcher" daemon [_thread_blocked, id=14520, stack(0x0000003c4a900000,0x0000003c4aa00000)]
  0x000001880d30c000 JavaThread "Attach Listener" daemon [_thread_blocked, id=15700, stack(0x0000003c4aa00000,0x0000003c4ab00000)]
  0x000001880d311000 JavaThread "Service Thread" daemon [_thread_blocked, id=15516, stack(0x0000003c4ab00000,0x0000003c4ac00000)]
=>0x000001880d31c800 JavaThread "C2 CompilerThread0" daemon [_thread_in_native, id=10064, stack(0x0000003c4ac00000,0x0000003c4ad00000)]
  0x000001880d321000 JavaThread "C1 CompilerThread0" daemon [_thread_blocked, id=20824, stack(0x0000003c4ad00000,0x0000003c4ae00000)]
  0x000001880d332800 JavaThread "Sweeper thread" daemon [_thread_blocked, id=15800, stack(0x0000003c4ae00000,0x0000003c4af00000)]
  0x000001880d4ae000 JavaThread "Common-Cleaner" daemon [_thread_blocked, id=24244, stack(0x0000003c4b100000,0x0000003c4b200000)]
  0x000001880d4ef000 JavaThread "Java2D Disposer" daemon [_thread_blocked, id=5876, stack(0x0000003c4b400000,0x0000003c4b500000)]
  0x0000018817a22800 JavaThread "AWT-Shutdown" [_thread_blocked, id=18620, stack(0x0000003c4be00000,0x0000003c4bf00000)]
  0x00000188179b2000 JavaThread "AWT-Windows" daemon [_thread_in_native, id=16948, stack(0x0000003c4bf00000,0x0000003c4c000000)]
  0x00000188179e6000 JavaThread "AWT-EventQueue-0" [_thread_in_Java, id=4876, stack(0x0000003c4c000000,0x0000003c4c100000)]
  0x0000018867bfb800 JavaThread "DestroyJavaVM" [_thread_blocked, id=19784, stack(0x0000003c4a000000,0x0000003c4a100000)]
  0x00000188182ca800 JavaThread "TimerQueue" daemon [_thread_blocked, id=23184, stack(0x0000003c4c800000,0x0000003c4c900000)]
  0x000001881c135000 JavaThread "SwingWorker-pool-2-thread-1" daemon [_thread_blocked, id=5400, stack(0x0000003c4c900000,0x0000003c4ca00000)]
  0x0000018818383000 JavaThread "SwingWorker-pool-2-thread-2" daemon [_thread_blocked, id=14304, stack(0x0000003c4c100000,0x0000003c4c200000)]

Other Threads:
  0x000001880d275000 VMThread "VM Thread" [stack: 0x0000003c4a600000,0x0000003c4a700000] [id=5356]
  0x000001880d4ad800 WatcherThread [stack: 0x0000003c4b000000,0x0000003c4b100000] [id=21516]
  0x0000018867c13800 GCTaskThread "GC Thread#0" [stack: 0x0000003c4a100000,0x0000003c4a200000] [id=372]
  0x0000018817a26800 GCTaskThread "GC Thread#1" [stack: 0x0000003c4b700000,0x0000003c4b800000] [id=17684]
  0x0000018817a88000 GCTaskThread "GC Thread#2" [stack: 0x0000003c4b800000,0x0000003c4b900000] [id=13176]
  0x00000188176a2800 GCTaskThread "GC Thread#3" [stack: 0x0000003c4b900000,0x0000003c4ba00000] [id=15624]
  0x00000188176a3000 GCTaskThread "GC Thread#4" [stack: 0x0000003c4ba00000,0x0000003c4bb00000] [id=23104]
  0x00000188176a4000 GCTaskThread "GC Thread#5" [stack: 0x0000003c4bb00000,0x0000003c4bc00000] [id=20528]
  0x0000018817e65800 GCTaskThread "GC Thread#6" [stack: 0x0000003c4c200000,0x0000003c4c300000] [id=11032]
  0x0000018817e61800 GCTaskThread "GC Thread#7" [stack: 0x0000003c4c300000,0x0000003c4c400000] [id=11428]
  0x000001881c32b800 GCTaskThread "GC Thread#8" [stack: 0x0000003c4ca00000,0x0000003c4cb00000] [id=6088]
  0x000001881c32f000 GCTaskThread "GC Thread#9" [stack: 0x0000003c4cb00000,0x0000003c4cc00000] [id=15428]
  0x000001881c32d000 GCTaskThread "GC Thread#10" [stack: 0x0000003c4cc00000,0x0000003c4cd00000] [id=17796]
  0x000001881c330000 GCTaskThread "GC Thread#11" [stack: 0x0000003c4cd00000,0x0000003c4ce00000] [id=25228]
  0x0000018867c6d800 ConcurrentGCThread "G1 Main Marker" [stack: 0x0000003c4a200000,0x0000003c4a300000] [id=1280]
  0x0000018867c70000 ConcurrentGCThread "G1 Conc#0" [stack: 0x0000003c4a300000,0x0000003c4a400000] [id=9504]
  0x000001880db6b800 ConcurrentGCThread "G1 Conc#1" [stack: 0x0000003c4bc00000,0x0000003c4bd00000] [id=2740]
  0x000001880db6c000 ConcurrentGCThread "G1 Conc#2" [stack: 0x0000003c4bd00000,0x0000003c4be00000] [id=14116]
  0x000001880c8d9000 ConcurrentGCThread "G1 Refine#0" [stack: 0x0000003c4a400000,0x0000003c4a500000] [id=820]
  0x000001880c8da000 ConcurrentGCThread "G1 Young RemSet Sampling" [stack: 0x0000003c4a500000,0x0000003c4a600000] [id=20680]

Threads with active compile tasks:
C2 CompilerThread0  2945309 12660   !   4       javax.swing.JComponent::_paintImmediately (891 bytes)

VM state:not at safepoint (normal execution)

VM Mutex/Monitor currently owned by a thread: None

Heap address: 0x0000000704a00000, size: 4022 MB, Compressed Oops mode: Zero based, Oop shift amount: 3
Narrow klass base: 0x0000000800000000, Narrow klass shift: 0
Compressed class space size: 1073741824 Address: 0x0000000800000000

Heap:
 garbage-first heap   total 310272K, used 255324K [0x0000000704a00000, 0x0000000800000000)
  region size 1024K, 123 young (125952K), 1 survivors (1024K)
 Metaspace       used 83419K, capacity 88176K, committed 88448K, reserved 1126400K
  class space    used 9597K, capacity 11801K, committed 11904K, reserved 1048576K
Heap Regions: E=young(eden), S=young(survivor), O=old, HS=humongous(starts), HC=humongous(continues), CS=collection set, F=free, A=archive, TAMS=top-at-mark-start (previous, next)
|   0|0x0000000704a00000, 0x0000000704b00000, 0x0000000704b00000|100%|HS|  |TAMS 0x0000000704b00000, 0x0000000704a00000| Complete 
|   1|0x0000000704b00000, 0x0000000704c00000, 0x0000000704c00000|100%|HC|  |TAMS 0x0000000704c00000, 0x0000000704b00000| Complete 
|   2|0x0000000704c00000, 0x0000000704d00000, 0x0000000704d00000|100%|HC|  |TAMS 0x0000000704d00000, 0x0000000704c00000| Complete 
|   3|0x0000000704d00000, 0x0000000704e00000, 0x0000000704e00000|100%|HC|  |TAMS 0x0000000704e00000, 0x0000000704d00000| Complete 
|   4|0x0000000704e00000, 0x0000000704f00000, 0x0000000704f00000|100%| O|  |TAMS 0x0000000704f00000, 0x0000000704e00000| Untracked 
|   5|0x0000000704f00000, 0x0000000705000000, 0x0000000705000000|100%| O|  |TAMS 0x0000000705000000, 0x0000000704f00000| Untracked 
|   6|0x0000000705000000, 0x0000000705100000, 0x0000000705100000|100%|HS|  |TAMS 0x0000000705100000, 0x0000000705000000| Complete 
|   7|0x0000000705100000, 0x0000000705200000, 0x0000000705200000|100%| O|  |TAMS 0x0000000705100000, 0x0000000705100000| Untracked 
|   8|0x0000000705200000, 0x0000000705300000, 0x0000000705300000|100%| O|  |TAMS 0x0000000705252600, 0x0000000705200000| Untracked 
|   9|0x0000000705300000, 0x0000000705400000, 0x0000000705400000|100%|HS|  |TAMS 0x0000000705400000, 0x0000000705300000| Complete 
|  10|0x0000000705400000, 0x0000000705500000, 0x0000000705500000|100%| O|  |TAMS 0x0000000705500000, 0x0000000705400000| Untracked 
|  11|0x0000000705500000, 0x0000000705600000, 0x0000000705600000|100%| O|  |TAMS 0x0000000705600000, 0x0000000705500000| Untracked 
|  12|0x0000000705600000, 0x0000000705700000, 0x0000000705700000|100%| O|  |TAMS 0x0000000705700000, 0x0000000705600000| Untracked 
|  13|0x0000000705700000, 0x0000000705800000, 0x0000000705800000|100%| O|  |TAMS 0x0000000705800000, 0x0000000705700000| Untracked 
|  14|0x0000000705800000, 0x0000000705900000, 0x0000000705900000|100%| O|  |TAMS 0x0000000705900000, 0x0000000705800000| Untracked 
|  15|0x0000000705900000, 0x0000000705a00000, 0x0000000705a00000|100%| O|  |TAMS 0x0000000705a00000, 0x0000000705900000| Untracked 
|  16|0x0000000705a00000, 0x0000000705b00000, 0x0000000705b00000|100%| O|  |TAMS 0x0000000705b00000, 0x0000000705a00000| Untracked 
|  17|0x0000000705b00000, 0x0000000705c00000, 0x0000000705c00000|100%| O|  |TAMS 0x0000000705c00000, 0x0000000705b00000| Untracked 
|  18|0x0000000705c00000, 0x0000000705d00000, 0x0000000705d00000|100%| O|  |TAMS 0x0000000705d00000, 0x0000000705c00000| Untracked 
|  19|0x0000000705d00000, 0x0000000705e00000, 0x0000000705e00000|100%| O|  |TAMS 0x0000000705e00000, 0x0000000705d00000| Untracked 
|  20|0x0000000705e00000, 0x0000000705f00000, 0x0000000705f00000|100%|HS|  |TAMS 0x0000000705f00000, 0x0000000705e00000| Complete 
|  21|0x0000000705f00000, 0x0000000706000000, 0x0000000706000000|100%|HC|  |TAMS 0x0000000706000000, 0x0000000705f00000| Complete 
|  22|0x0000000706000000, 0x0000000706100000, 0x0000000706100000|100%| O|  |TAMS 0x0000000706100000, 0x0000000706000000| Untracked 
|  23|0x0000000706100000, 0x0000000706200000, 0x0000000706200000|100%| O|  |TAMS 0x0000000706200000, 0x0000000706100000| Untracked 
|  24|0x0000000706200000, 0x0000000706300000, 0x0000000706300000|100%| O|  |TAMS 0x0000000706300000, 0x0000000706200000| Untracked 
|  25|0x0000000706300000, 0x0000000706400000, 0x0000000706400000|100%|HS|  |TAMS 0x0000000706400000, 0x0000000706300000| Complete 
|  26|0x0000000706400000, 0x0000000706500000, 0x0000000706500000|100%|HC|  |TAMS 0x0000000706500000, 0x0000000706400000| Complete 
|  27|0x0000000706500000, 0x0000000706600000, 0x0000000706600000|100%|HS|  |TAMS 0x0000000706600000, 0x0000000706500000| Complete 
|  28|0x0000000706600000, 0x0000000706700000, 0x0000000706700000|100%|HC|  |TAMS 0x0000000706700000, 0x0000000706600000| Complete 
|  29|0x0000000706700000, 0x0000000706800000, 0x0000000706800000|100%|HC|  |TAMS 0x0000000706800000, 0x0000000706700000| Complete 
|  30|0x0000000706800000, 0x0000000706900000, 0x0000000706900000|100%|HS|  |TAMS 0x0000000706900000, 0x0000000706800000| Complete 
|  31|0x0000000706900000, 0x0000000706a00000, 0x0000000706a00000|100%|HC|  |TAMS 0x0000000706a00000, 0x0000000706900000| Complete 
|  32|0x0000000706a00000, 0x0000000706b00000, 0x0000000706b00000|100%|HC|  |TAMS 0x0000000706b00000, 0x0000000706a00000| Complete 
|  33|0x0000000706b00000, 0x0000000706c00000, 0x0000000706c00000|100%|HS|  |TAMS 0x0000000706c00000, 0x0000000706b00000| Complete 
|  34|0x0000000706c00000, 0x0000000706d00000, 0x0000000706d00000|100%|HC|  |TAMS 0x0000000706d00000, 0x0000000706c00000| Complete 
|  35|0x0000000706d00000, 0x0000000706e00000, 0x0000000706e00000|100%|HC|  |TAMS 0x0000000706e00000, 0x0000000706d00000| Complete 
|  36|0x0000000706e00000, 0x0000000706f00000, 0x0000000706f00000|100%|HC|  |TAMS 0x0000000706f00000, 0x0000000706e00000| Complete 
|  37|0x0000000706f00000, 0x0000000707000000, 0x0000000707000000|100%|HS|  |TAMS 0x0000000707000000, 0x0000000706f00000| Complete 
|  38|0x0000000707000000, 0x0000000707100000, 0x0000000707100000|100%|HC|  |TAMS 0x0000000707100000, 0x0000000707000000| Complete 
|  39|0x0000000707100000, 0x0000000707200000, 0x0000000707200000|100%|HC|  |TAMS 0x0000000707200000, 0x0000000707100000| Complete 
|  40|0x0000000707200000, 0x0000000707300000, 0x0000000707300000|100%|HC|  |TAMS 0x0000000707300000, 0x0000000707200000| Complete 
|  41|0x0000000707300000, 0x0000000707400000, 0x0000000707400000|100%|HS|  |TAMS 0x0000000707400000, 0x0000000707300000| Complete 
|  42|0x0000000707400000, 0x0000000707500000, 0x0000000707500000|100%|HC|  |TAMS 0x0000000707500000, 0x0000000707400000| Complete 
|  43|0x0000000707500000, 0x0000000707600000, 0x0000000707600000|100%|HC|  |TAMS 0x0000000707600000, 0x0000000707500000| Complete 
|  44|0x0000000707600000, 0x0000000707700000, 0x0000000707700000|100%|HC|  |TAMS 0x0000000707700000, 0x0000000707600000| Complete 
|  45|0x0000000707700000, 0x0000000707800000, 0x0000000707800000|100%|HS|  |TAMS 0x0000000707800000, 0x0000000707700000| Complete 
|  46|0x0000000707800000, 0x0000000707900000, 0x0000000707900000|100%|HC|  |TAMS 0x0000000707900000, 0x0000000707800000| Complete 
|  47|0x0000000707900000, 0x0000000707a00000, 0x0000000707a00000|100%|HC|  |TAMS 0x0000000707a00000, 0x0000000707900000| Complete 
|  48|0x0000000707a00000, 0x0000000707b00000, 0x0000000707b00000|100%|HC|  |TAMS 0x0000000707b00000, 0x0000000707a00000| Complete 
|  49|0x0000000707b00000, 0x0000000707c00000, 0x0000000707c00000|100%|HS|  |TAMS 0x0000000707c00000, 0x0000000707b00000| Complete 
|  50|0x0000000707c00000, 0x0000000707d00000, 0x0000000707d00000|100%|HC|  |TAMS 0x0000000707d00000, 0x0000000707c00000| Complete 
|  51|0x0000000707d00000, 0x0000000707e00000, 0x0000000707e00000|100%|HC|  |TAMS 0x0000000707e00000, 0x0000000707d00000| Complete 
|  52|0x0000000707e00000, 0x0000000707f00000, 0x0000000707f00000|100%|HC|  |TAMS 0x0000000707f00000, 0x0000000707e00000| Complete 
|  53|0x0000000707f00000, 0x0000000708000000, 0x0000000708000000|100%|HS|  |TAMS 0x0000000708000000, 0x0000000707f00000| Complete 
|  54|0x0000000708000000, 0x0000000708100000, 0x0000000708100000|100%|HC|  |TAMS 0x0000000708100000, 0x0000000708000000| Complete 
|  55|0x0000000708100000, 0x0000000708200000, 0x0000000708200000|100%|HC|  |TAMS 0x0000000708200000, 0x0000000708100000| Complete 
|  56|0x0000000708200000, 0x0000000708300000, 0x0000000708300000|100%|HC|  |TAMS 0x0000000708300000, 0x0000000708200000| Complete 
|  57|0x0000000708300000, 0x0000000708400000, 0x0000000708400000|100%|HS|  |TAMS 0x0000000708400000, 0x0000000708300000| Complete 
|  58|0x0000000708400000, 0x0000000708500000, 0x0000000708500000|100%|HC|  |TAMS 0x0000000708500000, 0x0000000708400000| Complete 
|  59|0x0000000708500000, 0x0000000708600000, 0x0000000708600000|100%|HC|  |TAMS 0x0000000708600000, 0x0000000708500000| Complete 
|  60|0x0000000708600000, 0x0000000708700000, 0x0000000708700000|100%|HC|  |TAMS 0x0000000708700000, 0x0000000708600000| Complete 
|  61|0x0000000708700000, 0x0000000708800000, 0x0000000708800000|100%|HS|  |TAMS 0x0000000708800000, 0x0000000708700000| Complete 
|  62|0x0000000708800000, 0x0000000708900000, 0x0000000708900000|100%|HC|  |TAMS 0x0000000708900000, 0x0000000708800000| Complete 
|  63|0x0000000708900000, 0x0000000708a00000, 0x0000000708a00000|100%|HC|  |TAMS 0x0000000708a00000, 0x0000000708900000| Complete 
|  64|0x0000000708a00000, 0x0000000708b00000, 0x0000000708b00000|100%|HC|  |TAMS 0x0000000708b00000, 0x0000000708a00000| Complete 
|  65|0x0000000708b00000, 0x0000000708c00000, 0x0000000708c00000|100%| O|  |TAMS 0x0000000708c00000, 0x0000000708b00000| Untracked 
|  66|0x0000000708c00000, 0x0000000708d00000, 0x0000000708d00000|100%| O|  |TAMS 0x0000000708d00000, 0x0000000708c00000| Untracked 
|  67|0x0000000708d00000, 0x0000000708e00000, 0x0000000708e00000|100%| O|  |TAMS 0x0000000708e00000, 0x0000000708d00000| Untracked 
|  68|0x0000000708e00000, 0x0000000708f00000, 0x0000000708f00000|100%| O|  |TAMS 0x0000000708f00000, 0x0000000708e00000| Untracked 
|  69|0x0000000708f00000, 0x0000000709000000, 0x0000000709000000|100%| O|  |TAMS 0x0000000709000000, 0x0000000708f00000| Untracked 
|  70|0x0000000709000000, 0x0000000709100000, 0x0000000709100000|100%| O|  |TAMS 0x0000000709100000, 0x0000000709000000| Untracked 
|  71|0x0000000709100000, 0x0000000709200000, 0x0000000709200000|100%| O|  |TAMS 0x0000000709200000, 0x0000000709100000| Untracked 
|  72|0x0000000709200000, 0x0000000709300000, 0x0000000709300000|100%| O|  |TAMS 0x0000000709300000, 0x0000000709200000| Untracked 
|  73|0x0000000709300000, 0x0000000709400000, 0x0000000709400000|100%| O|  |TAMS 0x0000000709400000, 0x0000000709300000| Untracked 
|  74|0x0000000709400000, 0x0000000709500000, 0x0000000709500000|100%| O|  |TAMS 0x0000000709500000, 0x0000000709400000| Untracked 
|  75|0x0000000709500000, 0x0000000709600000, 0x0000000709600000|100%| O|  |TAMS 0x0000000709600000, 0x0000000709500000| Untracked 
|  76|0x0000000709600000, 0x0000000709700000, 0x0000000709700000|100%|HS|  |TAMS 0x0000000709700000, 0x0000000709600000| Complete 
|  77|0x0000000709700000, 0x0000000709800000, 0x0000000709800000|100%|HC|  |TAMS 0x0000000709800000, 0x0000000709700000| Complete 
|  78|0x0000000709800000, 0x0000000709900000, 0x0000000709900000|100%|HC|  |TAMS 0x0000000709900000, 0x0000000709800000| Complete 
|  79|0x0000000709900000, 0x0000000709a00000, 0x0000000709a00000|100%|HC|  |TAMS 0x0000000709a00000, 0x0000000709900000| Complete 
|  80|0x0000000709a00000, 0x0000000709b00000, 0x0000000709b00000|100%| O|  |TAMS 0x0000000709b00000, 0x0000000709a00000| Untracked 
|  81|0x0000000709b00000, 0x0000000709c00000, 0x0000000709c00000|100%| O|  |TAMS 0x0000000709c00000, 0x0000000709b00000| Untracked 
|  82|0x0000000709c00000, 0x0000000709d00000, 0x0000000709d00000|100%| O|  |TAMS 0x0000000709d00000, 0x0000000709c00000| Untracked 
|  83|0x0000000709d00000, 0x0000000709e00000, 0x0000000709e00000|100%| O|  |TAMS 0x0000000709e00000, 0x0000000709d00000| Untracked 
|  84|0x0000000709e00000, 0x0000000709f00000, 0x0000000709f00000|100%| O|  |TAMS 0x0000000709f00000, 0x0000000709e00000| Untracked 
|  85|0x0000000709f00000, 0x000000070a000000, 0x000000070a000000|100%| O|  |TAMS 0x000000070a000000, 0x0000000709f00000| Untracked 
|  86|0x000000070a000000, 0x000000070a100000, 0x000000070a100000|100%| O|  |TAMS 0x000000070a100000, 0x000000070a000000| Untracked 
|  87|0x000000070a100000, 0x000000070a200000, 0x000000070a200000|100%| O|  |TAMS 0x000000070a200000, 0x000000070a100000| Untracked 
|  88|0x000000070a200000, 0x000000070a300000, 0x000000070a300000|100%| O|  |TAMS 0x000000070a300000, 0x000000070a200000| Untracked 
|  89|0x000000070a300000, 0x000000070a400000, 0x000000070a400000|100%| O|  |TAMS 0x000000070a400000, 0x000000070a300000| Untracked 
|  90|0x000000070a400000, 0x000000070a500000, 0x000000070a500000|100%| O|  |TAMS 0x000000070a500000, 0x000000070a400000| Untracked 
|  91|0x000000070a500000, 0x000000070a600000, 0x000000070a600000|100%| O|  |TAMS 0x000000070a600000, 0x000000070a500000| Untracked 
|  92|0x000000070a600000, 0x000000070a700000, 0x000000070a700000|100%| O|  |TAMS 0x000000070a700000, 0x000000070a600000| Untracked 
|  93|0x000000070a700000, 0x000000070a800000, 0x000000070a800000|100%| O|  |TAMS 0x000000070a800000, 0x000000070a700000| Untracked 
|  94|0x000000070a800000, 0x000000070a900000, 0x000000070a900000|100%| O|  |TAMS 0x000000070a900000, 0x000000070a800000| Untracked 
|  95|0x000000070a900000, 0x000000070aa00000, 0x000000070aa00000|100%| O|  |TAMS 0x000000070aa00000, 0x000000070a900000| Untracked 
|  96|0x000000070aa00000, 0x000000070ab00000, 0x000000070ab00000|100%| O|  |TAMS 0x000000070ab00000, 0x000000070aa00000| Untracked 
|  97|0x000000070ab00000, 0x000000070ac00000, 0x000000070ac00000|100%| O|  |TAMS 0x000000070ac00000, 0x000000070ab00000| Untracked 
|  98|0x000000070ac00000, 0x000000070ad00000, 0x000000070ad00000|100%| O|  |TAMS 0x000000070ad00000, 0x000000070ac00000| Untracked 
|  99|0x000000070ad00000, 0x000000070ae00000, 0x000000070ae00000|100%| O|  |TAMS 0x000000070ae00000, 0x000000070ad00000| Untracked 
| 100|0x000000070ae00000, 0x000000070af00000, 0x000000070af00000|100%| O|  |TAMS 0x000000070af00000, 0x000000070ae00000| Untracked 
| 101|0x000000070af00000, 0x000000070b000000, 0x000000070b000000|100%| O|  |TAMS 0x000000070b000000, 0x000000070af00000| Untracked 
| 102|0x000000070b000000, 0x000000070b100000, 0x000000070b100000|100%| O|  |TAMS 0x000000070b100000, 0x000000070b000000| Untracked 
| 103|0x000000070b100000, 0x000000070b200000, 0x000000070b200000|100%| O|  |TAMS 0x000000070b200000, 0x000000070b100000| Untracked 
| 104|0x000000070b200000, 0x000000070b300000, 0x000000070b300000|100%| O|  |TAMS 0x000000070b300000, 0x000000070b200000| Untracked 
| 105|0x000000070b300000, 0x000000070b400000, 0x000000070b400000|100%| O|  |TAMS 0x000000070b400000, 0x000000070b300000| Untracked 
| 106|0x000000070b400000, 0x000000070b500000, 0x000000070b500000|100%| O|  |TAMS 0x000000070b500000, 0x000000070b400000| Untracked 
| 107|0x000000070b500000, 0x000000070b600000, 0x000000070b600000|100%| O|  |TAMS 0x000000070b600000, 0x000000070b500000| Untracked 
| 108|0x000000070b600000, 0x000000070b700000, 0x000000070b700000|100%| O|  |TAMS 0x000000070b700000, 0x000000070b600000| Untracked 
| 109|0x000000070b700000, 0x000000070b800000, 0x000000070b800000|100%| O|  |TAMS 0x000000070b800000, 0x000000070b700000| Untracked 
| 110|0x000000070b800000, 0x000000070b900000, 0x000000070b900000|100%| O|  |TAMS 0x000000070b900000, 0x000000070b800000| Untracked 
| 111|0x000000070b900000, 0x000000070ba00000, 0x000000070ba00000|100%| O|  |TAMS 0x000000070ba00000, 0x000000070b900000| Untracked 
| 112|0x000000070ba00000, 0x000000070bb00000, 0x000000070bb00000|100%|HS|  |TAMS 0x000000070bb00000, 0x000000070ba00000| Complete 
| 113|0x000000070bb00000, 0x000000070bc00000, 0x000000070bc00000|100%| O|  |TAMS 0x000000070bc00000, 0x000000070bb00000| Untracked 
| 114|0x000000070bc00000, 0x000000070bd00000, 0x000000070bd00000|100%| O|  |TAMS 0x000000070bc00000, 0x000000070bc00000| Untracked 
| 115|0x000000070bd00000, 0x000000070be00000, 0x000000070be00000|100%| O|  |TAMS 0x000000070bd00000, 0x000000070bd00000| Untracked 
| 116|0x000000070be00000, 0x000000070bf00000, 0x000000070bf00000|100%| O|  |TAMS 0x000000070be00000, 0x000000070be00000| Untracked 
| 117|0x000000070bf00000, 0x000000070c000000, 0x000000070c000000|100%| O|  |TAMS 0x000000070bf00000, 0x000000070bf00000| Untracked 
| 118|0x000000070c000000, 0x000000070c100000, 0x000000070c100000|100%| O|  |TAMS 0x000000070c000000, 0x000000070c000000| Untracked 
| 119|0x000000070c100000, 0x000000070c14e800, 0x000000070c200000| 30%| O|  |TAMS 0x000000070c100000, 0x000000070c100000| Untracked 
| 120|0x000000070c200000, 0x000000070c300000, 0x000000070c300000|100%| O|  |TAMS 0x000000070c200000, 0x000000070c200000| Untracked 
| 121|0x000000070c300000, 0x000000070c400000, 0x000000070c400000|100%|HS|  |TAMS 0x000000070c300000, 0x000000070c300000| Complete 
| 122|0x000000070c400000, 0x000000070c500000, 0x000000070c500000|100%|HC|  |TAMS 0x000000070c400000, 0x000000070c400000| Complete 
| 123|0x000000070c500000, 0x000000070c600000, 0x000000070c600000|100%|HC|  |TAMS 0x000000070c500000, 0x000000070c500000| Complete 
| 124|0x000000070c600000, 0x000000070c700000, 0x000000070c700000|100%|HC|  |TAMS 0x000000070c600000, 0x000000070c600000| Complete 
| 125|0x000000070c700000, 0x000000070c800000, 0x000000070c800000|100%|HS|  |TAMS 0x000000070c700000, 0x000000070c700000| Complete 
| 126|0x000000070c800000, 0x000000070c900000, 0x000000070c900000|100%|HC|  |TAMS 0x000000070c800000, 0x000000070c800000| Complete 
| 127|0x000000070c900000, 0x000000070ca00000, 0x000000070ca00000|100%|HC|  |TAMS 0x000000070c900000, 0x000000070c900000| Complete 
| 128|0x000000070ca00000, 0x000000070cb00000, 0x000000070cb00000|100%|HC|  |TAMS 0x000000070ca00000, 0x000000070ca00000| Complete 
| 129|0x000000070cb00000, 0x000000070cb00000, 0x000000070cc00000|  0%| F|  |TAMS 0x000000070cb00000, 0x000000070cb00000| Untracked 
| 130|0x000000070cc00000, 0x000000070cc00000, 0x000000070cd00000|  0%| F|  |TAMS 0x000000070cc00000, 0x000000070cc00000| Untracked 
| 131|0x000000070cd00000, 0x000000070cd00000, 0x000000070ce00000|  0%| F|  |TAMS 0x000000070cd00000, 0x000000070cd00000| Untracked 
| 132|0x000000070ce00000, 0x000000070ce00000, 0x000000070cf00000|  0%| F|  |TAMS 0x000000070ce00000, 0x000000070ce00000| Untracked 
| 133|0x000000070cf00000, 0x000000070cf00000, 0x000000070d000000|  0%| F|  |TAMS 0x000000070cf00000, 0x000000070cf00000| Untracked 
| 134|0x000000070d000000, 0x000000070d000000, 0x000000070d100000|  0%| F|  |TAMS 0x000000070d000000, 0x000000070d000000| Untracked 
| 135|0x000000070d100000, 0x000000070d100000, 0x000000070d200000|  0%| F|  |TAMS 0x000000070d100000, 0x000000070d100000| Untracked 
| 136|0x000000070d200000, 0x000000070d200000, 0x000000070d300000|  0%| F|  |TAMS 0x000000070d200000, 0x000000070d200000| Untracked 
| 137|0x000000070d300000, 0x000000070d300000, 0x000000070d400000|  0%| F|  |TAMS 0x000000070d300000, 0x000000070d300000| Untracked 
| 138|0x000000070d400000, 0x000000070d400000, 0x000000070d500000|  0%| F|  |TAMS 0x000000070d400000, 0x000000070d400000| Untracked 
| 139|0x000000070d500000, 0x000000070d500000, 0x000000070d600000|  0%| F|  |TAMS 0x000000070d500000, 0x000000070d500000| Untracked 
| 140|0x000000070d600000, 0x000000070d600000, 0x000000070d700000|  0%| F|  |TAMS 0x000000070d600000, 0x000000070d600000| Untracked 
| 141|0x000000070d700000, 0x000000070d700000, 0x000000070d800000|  0%| F|  |TAMS 0x000000070d700000, 0x000000070d700000| Untracked 
| 142|0x000000070d800000, 0x000000070d800000, 0x000000070d900000|  0%| F|  |TAMS 0x000000070d800000, 0x000000070d800000| Untracked 
| 143|0x000000070d900000, 0x000000070d900000, 0x000000070da00000|  0%| F|  |TAMS 0x000000070d900000, 0x000000070d900000| Untracked 
| 144|0x000000070da00000, 0x000000070da00000, 0x000000070db00000|  0%| F|  |TAMS 0x000000070da00000, 0x000000070da00000| Untracked 
| 145|0x000000070db00000, 0x000000070db00000, 0x000000070dc00000|  0%| F|  |TAMS 0x000000070db00000, 0x000000070db00000| Untracked 
| 146|0x000000070dc00000, 0x000000070dc00000, 0x000000070dd00000|  0%| F|  |TAMS 0x000000070dc00000, 0x000000070dc00000| Untracked 
| 147|0x000000070dd00000, 0x000000070dd00000, 0x000000070de00000|  0%| F|  |TAMS 0x000000070dd00000, 0x000000070dd00000| Untracked 
| 148|0x000000070de00000, 0x000000070de00000, 0x000000070df00000|  0%| F|  |TAMS 0x000000070de00000, 0x000000070de00000| Untracked 
| 149|0x000000070df00000, 0x000000070df00000, 0x000000070e000000|  0%| F|  |TAMS 0x000000070df00000, 0x000000070df00000| Untracked 
| 150|0x000000070e000000, 0x000000070e000000, 0x000000070e100000|  0%| F|  |TAMS 0x000000070e000000, 0x000000070e000000| Untracked 
| 151|0x000000070e100000, 0x000000070e100000, 0x000000070e200000|  0%| F|  |TAMS 0x000000070e100000, 0x000000070e100000| Untracked 
| 152|0x000000070e200000, 0x000000070e200000, 0x000000070e300000|  0%| F|  |TAMS 0x000000070e200000, 0x000000070e200000| Untracked 
| 153|0x000000070e300000, 0x000000070e300000, 0x000000070e400000|  0%| F|  |TAMS 0x000000070e300000, 0x000000070e300000| Untracked 
| 154|0x000000070e400000, 0x000000070e400000, 0x000000070e500000|  0%| F|  |TAMS 0x000000070e400000, 0x000000070e400000| Untracked 
| 155|0x000000070e500000, 0x000000070e500000, 0x000000070e600000|  0%| F|  |TAMS 0x000000070e500000, 0x000000070e500000| Untracked 
| 156|0x000000070e600000, 0x000000070e600000, 0x000000070e700000|  0%| F|  |TAMS 0x000000070e600000, 0x000000070e600000| Untracked 
| 157|0x000000070e700000, 0x000000070e708a20, 0x000000070e800000|  3%| S|CS|TAMS 0x000000070e700000, 0x000000070e700000| Complete 
| 158|0x000000070e800000, 0x000000070e800000, 0x000000070e900000|  0%| F|  |TAMS 0x000000070e800000, 0x000000070e800000| Untracked 
| 159|0x000000070e900000, 0x000000070e900000, 0x000000070ea00000|  0%| F|  |TAMS 0x000000070e900000, 0x000000070e900000| Untracked 
| 160|0x000000070ea00000, 0x000000070ea00000, 0x000000070eb00000|  0%| F|  |TAMS 0x000000070ea00000, 0x000000070ea00000| Untracked 
| 161|0x000000070eb00000, 0x000000070eb00000, 0x000000070ec00000|  0%| F|  |TAMS 0x000000070eb00000, 0x000000070eb00000| Untracked 
| 162|0x000000070ec00000, 0x000000070ec00000, 0x000000070ed00000|  0%| F|  |TAMS 0x000000070ec00000, 0x000000070ec00000| Untracked 
| 163|0x000000070ed00000, 0x000000070ed00000, 0x000000070ee00000|  0%| F|  |TAMS 0x000000070ed00000, 0x000000070ed00000| Untracked 
| 164|0x000000070ee00000, 0x000000070ee00000, 0x000000070ef00000|  0%| F|  |TAMS 0x000000070ee00000, 0x000000070ee00000| Untracked 
| 165|0x000000070ef00000, 0x000000070ef00000, 0x000000070f000000|  0%| F|  |TAMS 0x000000070ef00000, 0x000000070ef00000| Untracked 
| 166|0x000000070f000000, 0x000000070f000000, 0x000000070f100000|  0%| F|  |TAMS 0x000000070f000000, 0x000000070f000000| Untracked 
| 167|0x000000070f100000, 0x000000070f100000, 0x000000070f200000|  0%| F|  |TAMS 0x000000070f100000, 0x000000070f100000| Untracked 
| 168|0x000000070f200000, 0x000000070f200000, 0x000000070f300000|  0%| F|  |TAMS 0x000000070f200000, 0x000000070f200000| Untracked 
| 169|0x000000070f300000, 0x000000070f300000, 0x000000070f400000|  0%| F|  |TAMS 0x000000070f300000, 0x000000070f300000| Untracked 
| 170|0x000000070f400000, 0x000000070f400000, 0x000000070f500000|  0%| F|  |TAMS 0x000000070f400000, 0x000000070f400000| Untracked 
| 171|0x000000070f500000, 0x000000070f500000, 0x000000070f600000|  0%| F|  |TAMS 0x000000070f500000, 0x000000070f500000| Untracked 
| 172|0x000000070f600000, 0x000000070f600000, 0x000000070f700000|  0%| F|  |TAMS 0x000000070f600000, 0x000000070f600000| Untracked 
| 173|0x000000070f700000, 0x000000070f700000, 0x000000070f800000|  0%| F|  |TAMS 0x000000070f700000, 0x000000070f700000| Untracked 
| 174|0x000000070f800000, 0x000000070f800000, 0x000000070f900000|  0%| F|  |TAMS 0x000000070f800000, 0x000000070f800000| Untracked 
| 175|0x000000070f900000, 0x000000070f900000, 0x000000070fa00000|  0%| F|  |TAMS 0x000000070f900000, 0x000000070f900000| Untracked 
| 176|0x000000070fa00000, 0x000000070fa00000, 0x000000070fb00000|  0%| F|  |TAMS 0x000000070fa00000, 0x000000070fa00000| Untracked 
| 177|0x000000070fb00000, 0x000000070fb00000, 0x000000070fc00000|  0%| F|  |TAMS 0x000000070fb00000, 0x000000070fb00000| Untracked 
| 178|0x000000070fc00000, 0x000000070fc00000, 0x000000070fd00000|  0%| F|  |TAMS 0x000000070fc00000, 0x000000070fc00000| Untracked 
| 179|0x000000070fd00000, 0x000000070fd80800, 0x000000070fe00000| 50%| E|  |TAMS 0x000000070fd00000, 0x000000070fd00000| Complete 
| 180|0x000000070fe00000, 0x000000070ff00000, 0x000000070ff00000|100%| E|CS|TAMS 0x000000070fe00000, 0x000000070fe00000| Complete 
| 181|0x000000070ff00000, 0x0000000710000000, 0x0000000710000000|100%| E|CS|TAMS 0x000000070ff00000, 0x000000070ff00000| Complete 
| 182|0x0000000710000000, 0x0000000710100000, 0x0000000710100000|100%| E|CS|TAMS 0x0000000710000000, 0x0000000710000000| Complete 
| 183|0x0000000710100000, 0x0000000710200000, 0x0000000710200000|100%| E|CS|TAMS 0x0000000710100000, 0x0000000710100000| Complete 
| 184|0x0000000710200000, 0x0000000710300000, 0x0000000710300000|100%| E|CS|TAMS 0x0000000710200000, 0x0000000710200000| Complete 
| 185|0x0000000710300000, 0x0000000710400000, 0x0000000710400000|100%| E|CS|TAMS 0x0000000710300000, 0x0000000710300000| Complete 
| 186|0x0000000710400000, 0x0000000710500000, 0x0000000710500000|100%| E|CS|TAMS 0x0000000710400000, 0x0000000710400000| Complete 
| 187|0x0000000710500000, 0x0000000710600000, 0x0000000710600000|100%| E|CS|TAMS 0x0000000710500000, 0x0000000710500000| Complete 
| 188|0x0000000710600000, 0x0000000710700000, 0x0000000710700000|100%| E|CS|TAMS 0x0000000710600000, 0x0000000710600000| Complete 
| 189|0x0000000710700000, 0x0000000710800000, 0x0000000710800000|100%| E|CS|TAMS 0x0000000710700000, 0x0000000710700000| Complete 
| 190|0x0000000710800000, 0x0000000710900000, 0x0000000710900000|100%| E|CS|TAMS 0x0000000710800000, 0x0000000710800000| Complete 
| 191|0x0000000710900000, 0x0000000710a00000, 0x0000000710a00000|100%| E|CS|TAMS 0x0000000710900000, 0x0000000710900000| Complete 
| 192|0x0000000710a00000, 0x0000000710b00000, 0x0000000710b00000|100%| E|CS|TAMS 0x0000000710a00000, 0x0000000710a00000| Complete 
| 193|0x0000000710b00000, 0x0000000710c00000, 0x0000000710c00000|100%| E|CS|TAMS 0x0000000710b00000, 0x0000000710b00000| Complete 
| 194|0x0000000710c00000, 0x0000000710d00000, 0x0000000710d00000|100%| E|CS|TAMS 0x0000000710c00000, 0x0000000710c00000| Complete 
| 195|0x0000000710d00000, 0x0000000710e00000, 0x0000000710e00000|100%| E|CS|TAMS 0x0000000710d00000, 0x0000000710d00000| Complete 
| 196|0x0000000710e00000, 0x0000000710f00000, 0x0000000710f00000|100%| E|CS|TAMS 0x0000000710e00000, 0x0000000710e00000| Complete 
| 197|0x0000000710f00000, 0x0000000711000000, 0x0000000711000000|100%| E|CS|TAMS 0x0000000710f00000, 0x0000000710f00000| Complete 
| 198|0x0000000711000000, 0x0000000711100000, 0x0000000711100000|100%| E|CS|TAMS 0x0000000711000000, 0x0000000711000000| Complete 
| 199|0x0000000711100000, 0x0000000711200000, 0x0000000711200000|100%| E|CS|TAMS 0x0000000711100000, 0x0000000711100000| Complete 
| 200|0x0000000711200000, 0x0000000711300000, 0x0000000711300000|100%| E|CS|TAMS 0x0000000711200000, 0x0000000711200000| Complete 
| 201|0x0000000711300000, 0x0000000711400000, 0x0000000711400000|100%| E|CS|TAMS 0x0000000711300000, 0x0000000711300000| Complete 
| 202|0x0000000711400000, 0x0000000711500000, 0x0000000711500000|100%| E|CS|TAMS 0x0000000711400000, 0x0000000711400000| Complete 
| 203|0x0000000711500000, 0x0000000711600000, 0x0000000711600000|100%| E|CS|TAMS 0x0000000711500000, 0x0000000711500000| Complete 
| 204|0x0000000711600000, 0x0000000711700000, 0x0000000711700000|100%| E|CS|TAMS 0x0000000711600000, 0x0000000711600000| Complete 
| 205|0x0000000711700000, 0x0000000711800000, 0x0000000711800000|100%| E|CS|TAMS 0x0000000711700000, 0x0000000711700000| Complete 
| 206|0x0000000711800000, 0x0000000711900000, 0x0000000711900000|100%| E|CS|TAMS 0x0000000711800000, 0x0000000711800000| Complete 
| 207|0x0000000711900000, 0x0000000711a00000, 0x0000000711a00000|100%| E|CS|TAMS 0x0000000711900000, 0x0000000711900000| Complete 
| 208|0x0000000711a00000, 0x0000000711b00000, 0x0000000711b00000|100%| E|CS|TAMS 0x0000000711a00000, 0x0000000711a00000| Complete 
| 209|0x0000000711b00000, 0x0000000711c00000, 0x0000000711c00000|100%| E|CS|TAMS 0x0000000711b00000, 0x0000000711b00000| Complete 
| 210|0x0000000711c00000, 0x0000000711d00000, 0x0000000711d00000|100%| E|CS|TAMS 0x0000000711c00000, 0x0000000711c00000| Complete 
| 211|0x0000000711d00000, 0x0000000711e00000, 0x0000000711e00000|100%| E|CS|TAMS 0x0000000711d00000, 0x0000000711d00000| Complete 
| 212|0x0000000711e00000, 0x0000000711f00000, 0x0000000711f00000|100%| E|CS|TAMS 0x0000000711e00000, 0x0000000711e00000| Complete 
| 213|0x0000000711f00000, 0x0000000712000000, 0x0000000712000000|100%| E|CS|TAMS 0x0000000711f00000, 0x0000000711f00000| Complete 
| 214|0x0000000712000000, 0x0000000712100000, 0x0000000712100000|100%| E|CS|TAMS 0x0000000712000000, 0x0000000712000000| Complete 
| 215|0x0000000712100000, 0x0000000712200000, 0x0000000712200000|100%| E|CS|TAMS 0x0000000712100000, 0x0000000712100000| Complete 
| 216|0x0000000712200000, 0x0000000712300000, 0x0000000712300000|100%| E|CS|TAMS 0x0000000712200000, 0x0000000712200000| Complete 
| 217|0x0000000712300000, 0x0000000712400000, 0x0000000712400000|100%| E|CS|TAMS 0x0000000712300000, 0x0000000712300000| Complete 
| 218|0x0000000712400000, 0x0000000712500000, 0x0000000712500000|100%| E|CS|TAMS 0x0000000712400000, 0x0000000712400000| Complete 
| 219|0x0000000712500000, 0x0000000712600000, 0x0000000712600000|100%| E|CS|TAMS 0x0000000712500000, 0x0000000712500000| Complete 
| 220|0x0000000712600000, 0x0000000712700000, 0x0000000712700000|100%| E|CS|TAMS 0x0000000712600000, 0x0000000712600000| Complete 
| 221|0x0000000712700000, 0x0000000712800000, 0x0000000712800000|100%| E|CS|TAMS 0x0000000712700000, 0x0000000712700000| Complete 
| 222|0x0000000712800000, 0x0000000712900000, 0x0000000712900000|100%| E|CS|TAMS 0x0000000712800000, 0x0000000712800000| Complete 
| 223|0x0000000712900000, 0x0000000712a00000, 0x0000000712a00000|100%| E|CS|TAMS 0x0000000712900000, 0x0000000712900000| Complete 
| 224|0x0000000712a00000, 0x0000000712b00000, 0x0000000712b00000|100%| E|CS|TAMS 0x0000000712a00000, 0x0000000712a00000| Complete 
| 225|0x0000000712b00000, 0x0000000712c00000, 0x0000000712c00000|100%| E|CS|TAMS 0x0000000712b00000, 0x0000000712b00000| Complete 
| 226|0x0000000712c00000, 0x0000000712d00000, 0x0000000712d00000|100%| E|CS|TAMS 0x0000000712c00000, 0x0000000712c00000| Complete 
| 227|0x0000000712d00000, 0x0000000712e00000, 0x0000000712e00000|100%| E|CS|TAMS 0x0000000712d00000, 0x0000000712d00000| Complete 
| 228|0x0000000712e00000, 0x0000000712f00000, 0x0000000712f00000|100%| E|CS|TAMS 0x0000000712e00000, 0x0000000712e00000| Complete 
| 229|0x0000000712f00000, 0x0000000713000000, 0x0000000713000000|100%| E|CS|TAMS 0x0000000712f00000, 0x0000000712f00000| Complete 
| 230|0x0000000713000000, 0x0000000713100000, 0x0000000713100000|100%| E|CS|TAMS 0x0000000713000000, 0x0000000713000000| Complete 
| 231|0x0000000713100000, 0x0000000713200000, 0x0000000713200000|100%| E|CS|TAMS 0x0000000713100000, 0x0000000713100000| Complete 
| 232|0x0000000713200000, 0x0000000713300000, 0x0000000713300000|100%| E|CS|TAMS 0x0000000713200000, 0x0000000713200000| Complete 
| 233|0x0000000713300000, 0x0000000713400000, 0x0000000713400000|100%| E|CS|TAMS 0x0000000713300000, 0x0000000713300000| Complete 
| 234|0x0000000713400000, 0x0000000713500000, 0x0000000713500000|100%| E|CS|TAMS 0x0000000713400000, 0x0000000713400000| Complete 
| 235|0x0000000713500000, 0x0000000713600000, 0x0000000713600000|100%| E|CS|TAMS 0x0000000713500000, 0x0000000713500000| Complete 
| 236|0x0000000713600000, 0x0000000713700000, 0x0000000713700000|100%| E|CS|TAMS 0x0000000713600000, 0x0000000713600000| Complete 
| 237|0x0000000713700000, 0x0000000713800000, 0x0000000713800000|100%| E|CS|TAMS 0x0000000713700000, 0x0000000713700000| Complete 
| 238|0x0000000713800000, 0x0000000713900000, 0x0000000713900000|100%| E|CS|TAMS 0x0000000713800000, 0x0000000713800000| Complete 
| 239|0x0000000713900000, 0x0000000713a00000, 0x0000000713a00000|100%| E|CS|TAMS 0x0000000713900000, 0x0000000713900000| Complete 
| 240|0x0000000713a00000, 0x0000000713b00000, 0x0000000713b00000|100%| E|CS|TAMS 0x0000000713a00000, 0x0000000713a00000| Complete 
| 241|0x0000000713b00000, 0x0000000713c00000, 0x0000000713c00000|100%| E|CS|TAMS 0x0000000713b00000, 0x0000000713b00000| Complete 
| 242|0x0000000713c00000, 0x0000000713d00000, 0x0000000713d00000|100%| E|CS|TAMS 0x0000000713c00000, 0x0000000713c00000| Complete 
| 243|0x0000000713d00000, 0x0000000713e00000, 0x0000000713e00000|100%| E|CS|TAMS 0x0000000713d00000, 0x0000000713d00000| Complete 
| 244|0x0000000713e00000, 0x0000000713f00000, 0x0000000713f00000|100%| E|CS|TAMS 0x0000000713e00000, 0x0000000713e00000| Complete 
| 245|0x0000000713f00000, 0x0000000714000000, 0x0000000714000000|100%| E|CS|TAMS 0x0000000713f00000, 0x0000000713f00000| Complete 
| 246|0x0000000714000000, 0x0000000714100000, 0x0000000714100000|100%| E|CS|TAMS 0x0000000714000000, 0x0000000714000000| Complete 
| 247|0x0000000714100000, 0x0000000714200000, 0x0000000714200000|100%| E|CS|TAMS 0x0000000714100000, 0x0000000714100000| Complete 
| 248|0x0000000714200000, 0x0000000714300000, 0x0000000714300000|100%| E|CS|TAMS 0x0000000714200000, 0x0000000714200000| Complete 
| 249|0x0000000714300000, 0x0000000714400000, 0x0000000714400000|100%| E|CS|TAMS 0x0000000714300000, 0x0000000714300000| Complete 
| 250|0x0000000714400000, 0x0000000714500000, 0x0000000714500000|100%| E|CS|TAMS 0x0000000714400000, 0x0000000714400000| Complete 
| 251|0x0000000714500000, 0x0000000714600000, 0x0000000714600000|100%| E|CS|TAMS 0x0000000714500000, 0x0000000714500000| Complete 
| 252|0x0000000714600000, 0x0000000714700000, 0x0000000714700000|100%| E|CS|TAMS 0x0000000714600000, 0x0000000714600000| Complete 
| 253|0x0000000714700000, 0x0000000714800000, 0x0000000714800000|100%| E|CS|TAMS 0x0000000714700000, 0x0000000714700000| Complete 
| 254|0x0000000714800000, 0x0000000714900000, 0x0000000714900000|100%| E|CS|TAMS 0x0000000714800000, 0x0000000714800000| Complete 
| 255|0x0000000714900000, 0x0000000714a00000, 0x0000000714a00000|100%| E|CS|TAMS 0x0000000714900000, 0x0000000714900000| Complete 
| 256|0x0000000714a00000, 0x0000000714b00000, 0x0000000714b00000|100%| E|CS|TAMS 0x0000000714a00000, 0x0000000714a00000| Complete 
| 257|0x0000000714b00000, 0x0000000714c00000, 0x0000000714c00000|100%| E|CS|TAMS 0x0000000714b00000, 0x0000000714b00000| Complete 
| 258|0x0000000714c00000, 0x0000000714d00000, 0x0000000714d00000|100%| E|CS|TAMS 0x0000000714c00000, 0x0000000714c00000| Complete 
| 259|0x0000000714d00000, 0x0000000714e00000, 0x0000000714e00000|100%| E|CS|TAMS 0x0000000714d00000, 0x0000000714d00000| Complete 
| 260|0x0000000714e00000, 0x0000000714f00000, 0x0000000714f00000|100%| E|CS|TAMS 0x0000000714e00000, 0x0000000714e00000| Complete 
| 261|0x0000000714f00000, 0x0000000715000000, 0x0000000715000000|100%| E|CS|TAMS 0x0000000714f00000, 0x0000000714f00000| Complete 
| 262|0x0000000715000000, 0x0000000715100000, 0x0000000715100000|100%| E|CS|TAMS 0x0000000715000000, 0x0000000715000000| Complete 
| 263|0x0000000715100000, 0x0000000715200000, 0x0000000715200000|100%| E|CS|TAMS 0x0000000715100000, 0x0000000715100000| Complete 
| 264|0x0000000715200000, 0x0000000715300000, 0x0000000715300000|100%| E|CS|TAMS 0x0000000715200000, 0x0000000715200000| Complete 
| 265|0x0000000715300000, 0x0000000715400000, 0x0000000715400000|100%| E|CS|TAMS 0x0000000715300000, 0x0000000715300000| Complete 
| 266|0x0000000715400000, 0x0000000715500000, 0x0000000715500000|100%| E|CS|TAMS 0x0000000715400000, 0x0000000715400000| Complete 
| 267|0x0000000715500000, 0x0000000715600000, 0x0000000715600000|100%| E|CS|TAMS 0x0000000715500000, 0x0000000715500000| Complete 
| 268|0x0000000715600000, 0x0000000715700000, 0x0000000715700000|100%| E|CS|TAMS 0x0000000715600000, 0x0000000715600000| Complete 
| 269|0x0000000715700000, 0x0000000715800000, 0x0000000715800000|100%| E|CS|TAMS 0x0000000715700000, 0x0000000715700000| Complete 
| 270|0x0000000715800000, 0x0000000715900000, 0x0000000715900000|100%| E|CS|TAMS 0x0000000715800000, 0x0000000715800000| Complete 
| 271|0x0000000715900000, 0x0000000715a00000, 0x0000000715a00000|100%| E|CS|TAMS 0x0000000715900000, 0x0000000715900000| Complete 
| 272|0x0000000715a00000, 0x0000000715b00000, 0x0000000715b00000|100%| E|CS|TAMS 0x0000000715a00000, 0x0000000715a00000| Complete 
| 273|0x0000000715b00000, 0x0000000715c00000, 0x0000000715c00000|100%| E|CS|TAMS 0x0000000715b00000, 0x0000000715b00000| Complete 
| 274|0x0000000715c00000, 0x0000000715d00000, 0x0000000715d00000|100%| E|CS|TAMS 0x0000000715c00000, 0x0000000715c00000| Complete 
| 275|0x0000000715d00000, 0x0000000715e00000, 0x0000000715e00000|100%| E|CS|TAMS 0x0000000715d00000, 0x0000000715d00000| Complete 
| 276|0x0000000715e00000, 0x0000000715f00000, 0x0000000715f00000|100%| E|CS|TAMS 0x0000000715e00000, 0x0000000715e00000| Complete 
| 277|0x0000000715f00000, 0x0000000716000000, 0x0000000716000000|100%| E|CS|TAMS 0x0000000715f00000, 0x0000000715f00000| Complete 
| 278|0x0000000716000000, 0x0000000716100000, 0x0000000716100000|100%| E|CS|TAMS 0x0000000716000000, 0x0000000716000000| Complete 
| 279|0x0000000716100000, 0x0000000716200000, 0x0000000716200000|100%| E|CS|TAMS 0x0000000716100000, 0x0000000716100000| Complete 
| 280|0x0000000716200000, 0x0000000716300000, 0x0000000716300000|100%| E|CS|TAMS 0x0000000716200000, 0x0000000716200000| Complete 
| 281|0x0000000716300000, 0x0000000716400000, 0x0000000716400000|100%| E|CS|TAMS 0x0000000716300000, 0x0000000716300000| Complete 
| 282|0x0000000716400000, 0x0000000716500000, 0x0000000716500000|100%| E|CS|TAMS 0x0000000716400000, 0x0000000716400000| Complete 
| 283|0x0000000716500000, 0x0000000716600000, 0x0000000716600000|100%| E|CS|TAMS 0x0000000716500000, 0x0000000716500000| Complete 
| 284|0x0000000716600000, 0x0000000716700000, 0x0000000716700000|100%| E|CS|TAMS 0x0000000716600000, 0x0000000716600000| Complete 
| 285|0x0000000716700000, 0x0000000716800000, 0x0000000716800000|100%| E|CS|TAMS 0x0000000716700000, 0x0000000716700000| Complete 
| 286|0x0000000716800000, 0x0000000716900000, 0x0000000716900000|100%| E|CS|TAMS 0x0000000716800000, 0x0000000716800000| Complete 
| 287|0x0000000716900000, 0x0000000716a00000, 0x0000000716a00000|100%| E|CS|TAMS 0x0000000716900000, 0x0000000716900000| Complete 
| 288|0x0000000716a00000, 0x0000000716b00000, 0x0000000716b00000|100%| E|CS|TAMS 0x0000000716a00000, 0x0000000716a00000| Complete 
| 289|0x0000000716b00000, 0x0000000716c00000, 0x0000000716c00000|100%| E|CS|TAMS 0x0000000716b00000, 0x0000000716b00000| Complete 
| 290|0x0000000716c00000, 0x0000000716d00000, 0x0000000716d00000|100%| E|CS|TAMS 0x0000000716c00000, 0x0000000716c00000| Complete 
| 291|0x0000000716d00000, 0x0000000716e00000, 0x0000000716e00000|100%| E|CS|TAMS 0x0000000716d00000, 0x0000000716d00000| Complete 
| 292|0x0000000716e00000, 0x0000000716f00000, 0x0000000716f00000|100%| E|CS|TAMS 0x0000000716e00000, 0x0000000716e00000| Complete 
| 293|0x0000000716f00000, 0x0000000717000000, 0x0000000717000000|100%| E|CS|TAMS 0x0000000716f00000, 0x0000000716f00000| Complete 
| 294|0x0000000717000000, 0x0000000717100000, 0x0000000717100000|100%| E|CS|TAMS 0x0000000717000000, 0x0000000717000000| Complete 
| 295|0x0000000717100000, 0x0000000717200000, 0x0000000717200000|100%| E|CS|TAMS 0x0000000717100000, 0x0000000717100000| Complete 
| 296|0x0000000717200000, 0x0000000717300000, 0x0000000717300000|100%| E|CS|TAMS 0x0000000717200000, 0x0000000717200000| Complete 
| 297|0x0000000717300000, 0x0000000717400000, 0x0000000717400000|100%| E|CS|TAMS 0x0000000717300000, 0x0000000717300000| Complete 
| 298|0x0000000717400000, 0x0000000717500000, 0x0000000717500000|100%| E|CS|TAMS 0x0000000717400000, 0x0000000717400000| Complete 
| 299|0x0000000717500000, 0x0000000717600000, 0x0000000717600000|100%| E|CS|TAMS 0x0000000717500000, 0x0000000717500000| Complete 
| 300|0x0000000717600000, 0x0000000717700000, 0x0000000717700000|100%| E|CS|TAMS 0x0000000717600000, 0x0000000717600000| Complete 
| 301|0x0000000717700000, 0x0000000717800000, 0x0000000717800000|100%| E|CS|TAMS 0x0000000717700000, 0x0000000717700000| Complete 
| 302|0x0000000717800000, 0x0000000717900000, 0x0000000717900000|100%| E|CS|TAMS 0x0000000717800000, 0x0000000717800000| Complete 

Card table byte_map: [0x0000018800b10000,0x00000188012f0000] _byte_map_base: 0x00000187fd2eb000

Marking Bits (Prev, Next): (CMBitMap*) 0x0000018867c5cf80, (CMBitMap*) 0x0000018867c5cf48
 Prev Bits: [0x00000188059b0000, 0x0000018809888000)
 Next Bits: [0x0000018801ad0000, 0x00000188059a8000)

Polling page: 0x0000018865b70000

Metaspace:

Usage:
  Non-class:     74.58 MB capacity,    72.09 MB ( 97%) used,     2.17 MB (  3%) free+waste,   328.38 KB ( <1%) overhead. 
      Class:     11.52 MB capacity,     9.37 MB ( 81%) used,     2.00 MB ( 17%) free+waste,   157.50 KB (  1%) overhead. 
       Both:     86.11 MB capacity,    81.46 MB ( 95%) used,     4.17 MB (  5%) free+waste,   485.88 KB ( <1%) overhead. 

Virtual space:
  Non-class space:       76.00 MB reserved,      74.75 MB ( 98%) committed 
      Class space:        1.00 GB reserved,      11.63 MB (  1%) committed 
             Both:        1.07 GB reserved,      86.38 MB (  8%) committed 

Chunk freelists:
   Non-Class:  41.00 KB
       Class:  7.00 KB
        Both:  48.00 KB

MaxMetaspaceSize: 17179869184.00 GB
CompressedClassSpaceSize: 1.00 GB
Initial GC threshold: 20.80 MB
Current GC threshold: 141.46 MB
CDS: off

CodeHeap 'non-profiled nmethods': size=119168Kb used=11995Kb max_used=11995Kb free=107172Kb
 bounds [0x0000018878650000, 0x0000018879210000, 0x000001887fab0000]
CodeHeap 'profiled nmethods': size=119168Kb used=31283Kb max_used=31478Kb free=87884Kb
 bounds [0x00000188711f0000, 0x00000188730b0000, 0x0000018878650000]
CodeHeap 'non-nmethods': size=7424Kb used=1680Kb max_used=3471Kb free=5743Kb
 bounds [0x0000018870ab0000, 0x0000018870e20000, 0x00000188711f0000]
 total_blobs=12967 nmethods=11892 adapters=984
 compilation: enabled
              stopped_count=0, restarted_count=0
 full_count=0

Compilation events (20 events):
Event: 2941.382 Thread 0x000001880d31c800 nmethod 12650 0x00000188791fee10 code [0x00000188791fefa0, 0x00000188791ff118]
Event: 2941.383 Thread 0x000001880d31c800 12651       4       sun.java2d.SunGraphics2D::drawImage (11 bytes)
Event: 2941.384 Thread 0x000001880d31c800 nmethod 12651 0x00000188791ff290 code [0x00000188791ff420, 0x00000188791ff4a8]
Event: 2941.384 Thread 0x000001880d321000 12652       1       sun.swing.MenuItemLayoutHelper$RectSize::getOrigWidth (5 bytes)
Event: 2941.385 Thread 0x000001880d321000 nmethod 12652 0x00000188791ff590 code [0x00000188791ff740, 0x00000188791ff7f8]
Event: 2941.385 Thread 0x000001880d321000 12653       1       sun.swing.MenuItemLayoutHelper::getMenuItem (5 bytes)
Event: 2941.385 Thread 0x000001880d321000 nmethod 12653 0x00000188791ff890 code [0x00000188791ffa40, 0x00000188791ffaf8]
Event: 2941.385 Thread 0x000001880d31c800 12654 %     4       sun.java2d.marlin.MarlinTileGenerator::getAlphaRLE @ 1372 (1749 bytes)
Event: 2941.385 Thread 0x000001880d321000 12655       1       javax.swing.plaf.basic.BasicButtonUI::getTextShiftOffset (5 bytes)
Event: 2941.385 Thread 0x000001880d321000 nmethod 12655 0x00000188791ffb90 code [0x00000188791ffd40, 0x00000188791ffdf8]
Event: 2941.402 Thread 0x000001880d31c800 nmethod 12654% 0x00000188791ffe90 code [0x00000188792000a0, 0x0000018879201688]
Event: 2944.013 Thread 0x000001880d31c800 12656       4       javax.swing.JComponent::isDoubleBuffered (6 bytes)
Event: 2944.014 Thread 0x000001880d31c800 nmethod 12656 0x0000018879202a90 code [0x0000018879202c20, 0x0000018879202c98]
Event: 2944.420 Thread 0x000001880d31c800 12657       4       java.awt.Container::findComponentAtImpl (161 bytes)
Event: 2944.432 Thread 0x000001880d31c800 nmethod 12657 0x0000018879202d90 code [0x0000018879202fa0, 0x0000018879203c08]
Event: 2944.452 Thread 0x000001880d31c800 12658       4       java.lang.Math::round (70 bytes)
Event: 2944.453 Thread 0x000001880d31c800 nmethod 12658 0x0000018879204c10 code [0x0000018879204da0, 0x0000018879204e58]
Event: 2944.502 Thread 0x000001880d31c800 12659       4       java.awt.LightweightDispatcher::retargetMouseEvent (372 bytes)
Event: 2944.523 Thread 0x000001880d31c800 nmethod 12659 0x0000018879204f10 code [0x0000018879205140, 0x0000018879206290]
Event: 2945.229 Thread 0x000001880d31c800 12660   !   4       javax.swing.JComponent::_paintImmediately (891 bytes)

GC Heap History (20 events):
Event: 52.128 GC heap before
{Heap before GC invocations=56 (full 0):
 garbage-first heap   total 310272K, used 274713K [0x0000000704a00000, 0x0000000800000000)
  region size 1024K, 149 young (152576K), 1 survivors (1024K)
 Metaspace       used 83370K, capacity 88110K, committed 88448K, reserved 1126400K
  class space    used 9596K, capacity 11800K, committed 11904K, reserved 1048576K
}
Event: 52.129 GC heap after
{Heap after GC invocations=57 (full 0):
 garbage-first heap   total 310272K, used 123172K [0x0000000704a00000, 0x0000000800000000)
  region size 1024K, 1 young (1024K), 1 survivors (1024K)
 Metaspace       used 83370K, capacity 88110K, committed 88448K, reserved 1126400K
  class space    used 9596K, capacity 11800K, committed 11904K, reserved 1048576K
}
Event: 52.536 GC heap before
{Heap before GC invocations=57 (full 0):
 garbage-first heap   total 310272K, used 274724K [0x0000000704a00000, 0x0000000800000000)
  region size 1024K, 149 young (152576K), 1 survivors (1024K)
 Metaspace       used 83370K, capacity 88110K, committed 88448K, reserved 1126400K
  class space    used 9596K, capacity 11800K, committed 11904K, reserved 1048576K
}
Event: 52.537 GC heap after
{Heap after GC invocations=58 (full 0):
 garbage-first heap   total 310272K, used 123179K [0x0000000704a00000, 0x0000000800000000)
  region size 1024K, 1 young (1024K), 1 survivors (1024K)
 Metaspace       used 83370K, capacity 88110K, committed 88448K, reserved 1126400K
  class space    used 9596K, capacity 11800K, committed 11904K, reserved 1048576K
}
Event: 52.760 GC heap before
{Heap before GC invocations=58 (full 0):
 garbage-first heap   total 310272K, used 274731K [0x0000000704a00000, 0x0000000800000000)
  region size 1024K, 149 young (152576K), 1 survivors (1024K)
 Metaspace       used 83383K, capacity 88110K, committed 88448K, reserved 1126400K
  class space    used 9596K, capacity 11800K, committed 11904K, reserved 1048576K
}
Event: 52.761 GC heap after
{Heap after GC invocations=59 (full 0):
 garbage-first heap   total 310272K, used 123184K [0x0000000704a00000, 0x0000000800000000)
  region size 1024K, 1 young (1024K), 1 survivors (1024K)
 Metaspace       used 83383K, capacity 88110K, committed 88448K, reserved 1126400K
  class space    used 9596K, capacity 11800K, committed 11904K, reserved 1048576K
}
Event: 53.200 GC heap before
{Heap before GC invocations=59 (full 0):
 garbage-first heap   total 310272K, used 275760K [0x0000000704a00000, 0x0000000800000000)
  region size 1024K, 150 young (153600K), 1 survivors (1024K)
 Metaspace       used 83383K, capacity 88110K, committed 88448K, reserved 1126400K
  class space    used 9596K, capacity 11800K, committed 11904K, reserved 1048576K
}
Event: 53.201 GC heap after
{Heap after GC invocations=60 (full 0):
 garbage-first heap   total 310272K, used 123190K [0x0000000704a00000, 0x0000000800000000)
  region size 1024K, 1 young (1024K), 1 survivors (1024K)
 Metaspace       used 83383K, capacity 88110K, committed 88448K, reserved 1126400K
  class space    used 9596K, capacity 11800K, committed 11904K, reserved 1048576K
}
Event: 55.143 GC heap before
{Heap before GC invocations=60 (full 0):
 garbage-first heap   total 310272K, used 275766K [0x0000000704a00000, 0x0000000800000000)
  region size 1024K, 150 young (153600K), 1 survivors (1024K)
 Metaspace       used 83383K, capacity 88110K, committed 88448K, reserved 1126400K
  class space    used 9596K, capacity 11800K, committed 11904K, reserved 1048576K
}
Event: 55.144 GC heap after
{Heap after GC invocations=61 (full 0):
 garbage-first heap   total 310272K, used 123198K [0x0000000704a00000, 0x0000000800000000)
  region size 1024K, 1 young (1024K), 1 survivors (1024K)
 Metaspace       used 83383K, capacity 88110K, committed 88448K, reserved 1126400K
  class space    used 9596K, capacity 11800K, committed 11904K, reserved 1048576K
}
Event: 56.557 GC heap before
{Heap before GC invocations=61 (full 0):
 garbage-first heap   total 310272K, used 275774K [0x0000000704a00000, 0x0000000800000000)
  region size 1024K, 150 young (153600K), 1 survivors (1024K)
 Metaspace       used 83383K, capacity 88110K, committed 88448K, reserved 1126400K
  class space    used 9596K, capacity 11800K, committed 11904K, reserved 1048576K
}
Event: 56.558 GC heap after
{Heap after GC invocations=62 (full 0):
 garbage-first heap   total 310272K, used 123205K [0x0000000704a00000, 0x0000000800000000)
  region size 1024K, 1 young (1024K), 1 survivors (1024K)
 Metaspace       used 83383K, capacity 88110K, committed 88448K, reserved 1126400K
  class space    used 9596K, capacity 11800K, committed 11904K, reserved 1048576K
}
Event: 1711.335 GC heap before
{Heap before GC invocations=62 (full 0):
 garbage-first heap   total 310272K, used 279877K [0x0000000704a00000, 0x0000000800000000)
  region size 1024K, 150 young (153600K), 1 survivors (1024K)
 Metaspace       used 83393K, capacity 88112K, committed 88448K, reserved 1126400K
  class space    used 9597K, capacity 11801K, committed 11904K, reserved 1048576K
}
Event: 1711.336 GC heap after
{Heap after GC invocations=63 (full 0):
 garbage-first heap   total 310272K, used 127316K [0x0000000704a00000, 0x0000000800000000)
  region size 1024K, 1 young (1024K), 1 survivors (1024K)
 Metaspace       used 83393K, capacity 88112K, committed 88448K, reserved 1126400K
  class space    used 9597K, capacity 11801K, committed 11904K, reserved 1048576K
}
Event: 1711.936 GC heap before
{Heap before GC invocations=63 (full 0):
 garbage-first heap   total 310272K, used 275796K [0x0000000704a00000, 0x0000000800000000)
  region size 1024K, 146 young (149504K), 1 survivors (1024K)
 Metaspace       used 83397K, capacity 88112K, committed 88448K, reserved 1126400K
  class space    used 9597K, capacity 11801K, committed 11904K, reserved 1048576K
}
Event: 1711.936 GC heap after
{Heap after GC invocations=64 (full 0):
 garbage-first heap   total 310272K, used 127314K [0x0000000704a00000, 0x0000000800000000)
  region size 1024K, 1 young (1024K), 1 survivors (1024K)
 Metaspace       used 83397K, capacity 88112K, committed 88448K, reserved 1126400K
  class space    used 9597K, capacity 11801K, committed 11904K, reserved 1048576K
}
Event: 2637.294 GC heap before
{Heap before GC invocations=64 (full 0):
 garbage-first heap   total 310272K, used 275794K [0x0000000704a00000, 0x0000000800000000)
  region size 1024K, 146 young (149504K), 1 survivors (1024K)
 Metaspace       used 83402K, capacity 88112K, committed 88448K, reserved 1126400K
  class space    used 9597K, capacity 11801K, committed 11904K, reserved 1048576K
}
Event: 2637.295 GC heap after
{Heap after GC invocations=65 (full 0):
 garbage-first heap   total 310272K, used 127342K [0x0000000704a00000, 0x0000000800000000)
  region size 1024K, 1 young (1024K), 1 survivors (1024K)
 Metaspace       used 83402K, capacity 88112K, committed 88448K, reserved 1126400K
  class space    used 9597K, capacity 11801K, committed 11904K, reserved 1048576K
}
Event: 2944.352 GC heap before
{Heap before GC invocations=65 (full 0):
 garbage-first heap   total 310272K, used 279918K [0x0000000704a00000, 0x0000000800000000)
  region size 1024K, 146 young (149504K), 1 survivors (1024K)
 Metaspace       used 83419K, capacity 88176K, committed 88448K, reserved 1126400K
  class space    used 9597K, capacity 11801K, committed 11904K, reserved 1048576K
}
Event: 2944.353 GC heap after
{Heap after GC invocations=66 (full 0):
 garbage-first heap   total 310272K, used 131420K [0x0000000704a00000, 0x0000000800000000)
  region size 1024K, 1 young (1024K), 1 survivors (1024K)
 Metaspace       used 83419K, capacity 88176K, committed 88448K, reserved 1126400K
  class space    used 9597K, capacity 11801K, committed 11904K, reserved 1048576K
}

Deoptimization events (20 events):
Event: 1711.326 Thread 0x00000188179e6000 DEOPT PACKING pc=0x0000018872f55f4b sp=0x0000003c4c0fab90
Event: 1711.326 Thread 0x00000188179e6000 DEOPT UNPACKING pc=0x0000018870afa95e sp=0x0000003c4c0fa028 mode 0
Event: 1712.225 Thread 0x00000188179e6000 Uncommon trap: trap_request=0xffffff4d fr.pc=0x0000018878793ccc relative=0x0000000000000b2c
Event: 1712.225 Thread 0x00000188179e6000 Uncommon trap: reason=unstable_if action=reinterpret pc=0x0000018878793ccc method=java.awt.Container.findComponentAtImpl(IIZ)Ljava/awt/Component; @ 24 c2
Event: 1712.225 Thread 0x00000188179e6000 DEOPT PACKING pc=0x0000018878793ccc sp=0x0000003c4c0fcbf0
Event: 1712.225 Thread 0x00000188179e6000 DEOPT UNPACKING pc=0x0000018870afa1af sp=0x0000003c4c0fca80 mode 2
Event: 1712.440 Thread 0x00000188179e6000 Uncommon trap: trap_request=0xffffff4d fr.pc=0x00000188791bcc2c relative=0x0000000000000f2c
Event: 1712.440 Thread 0x00000188179e6000 Uncommon trap: reason=unstable_if action=reinterpret pc=0x00000188791bcc2c method=java.awt.Container.getMouseEventTargetImpl(IIZLjava/awt/Container$EventTargetFilter;ZZ)Ljava/awt/Component; @ 218 c2
Event: 1712.441 Thread 0x00000188179e6000 DEOPT PACKING pc=0x00000188791bcc2c sp=0x0000003c4c0fb520
Event: 1712.441 Thread 0x00000188179e6000 DEOPT UNPACKING pc=0x0000018870afa1af sp=0x0000003c4c0fb438 mode 2
Event: 1712.441 Thread 0x00000188179e6000 Uncommon trap: trap_request=0xffffffde fr.pc=0x0000018878f63484 relative=0x0000000000000304
Event: 1712.441 Thread 0x00000188179e6000 Uncommon trap: reason=class_check action=maybe_recompile pc=0x0000018878f63484 method=java.awt.AWTEventMulticaster.removeInternal(Ljava/util/EventListener;Ljava/util/EventListener;)Ljava/util/EventListener; @ 19 c2
Event: 1712.441 Thread 0x00000188179e6000 DEOPT PACKING pc=0x0000018878f63484 sp=0x0000003c4c0f99b0
Event: 1712.441 Thread 0x00000188179e6000 DEOPT UNPACKING pc=0x0000018870afa1af sp=0x0000003c4c0f9960 mode 2
Event: 2637.205 Thread 0x00000188179e6000 DEOPT PACKING pc=0x0000018871bcd459 sp=0x0000003c4c0fa500
Event: 2637.205 Thread 0x00000188179e6000 DEOPT UNPACKING pc=0x0000018870afa95e sp=0x0000003c4c0f9900 mode 0
Event: 2637.499 Thread 0x00000188179e6000 Uncommon trap: trap_request=0xffffffdc fr.pc=0x00000188791e3974 relative=0x0000000000005b34
Event: 2637.499 Thread 0x00000188179e6000 Uncommon trap: reason=class_check action=make_not_entrant pc=0x00000188791e3974 method=java.util.ArrayList.toArray([Ljava/lang/Object;)[Ljava/lang/Object; @ 21 c2
Event: 2637.499 Thread 0x00000188179e6000 DEOPT PACKING pc=0x00000188791e3974 sp=0x0000003c4c0fb280
Event: 2637.499 Thread 0x00000188179e6000 DEOPT UNPACKING pc=0x0000018870afa1af sp=0x0000003c4c0fb180 mode 2

Classes redefined (0 events):
No events

Internal exceptions (20 events):
Event: 15.120 Thread 0x0000018818383000 Exception <a 'java/io/IOException'{0x000000070ea02348}> (0x000000070ea02348) thrown at [./src/hotspot/share/prims/jni.cpp, line 617]
Event: 15.120 Thread 0x0000018818383000 Exception <a 'java/io/IOException'{0x000000070ea03898}> (0x000000070ea03898) thrown at [./src/hotspot/share/prims/jni.cpp, line 617]
Event: 15.120 Thread 0x0000018818383000 Exception <a 'java/io/IOException'{0x000000070ea04150}> (0x000000070ea04150) thrown at [./src/hotspot/share/prims/jni.cpp, line 617]
Event: 15.147 Thread 0x0000018818383000 Exception <a 'java/io/IOException'{0x000000071429e150}> (0x000000071429e150) thrown at [./src/hotspot/share/prims/jni.cpp, line 617]
Event: 15.147 Thread 0x0000018818383000 Exception <a 'java/io/IOException'{0x000000071429e760}> (0x000000071429e760) thrown at [./src/hotspot/share/prims/jni.cpp, line 617]
Event: 15.493 Thread 0x00000188179e6000 Exception <a 'java/io/IOException'{0x0000000716e8d6e0}> (0x0000000716e8d6e0) thrown at [./src/hotspot/share/prims/jni.cpp, line 617]
Event: 15.493 Thread 0x00000188179e6000 Exception <a 'java/io/IOException'{0x0000000716e8dcf0}> (0x0000000716e8dcf0) thrown at [./src/hotspot/share/prims/jni.cpp, line 617]
Event: 15.668 Thread 0x00000188179e6000 Exception <a 'java/io/IOException'{0x0000000715430ad8}> (0x0000000715430ad8) thrown at [./src/hotspot/share/prims/jni.cpp, line 617]
Event: 15.668 Thread 0x00000188179e6000 Exception <a 'java/io/IOException'{0x00000007154310e8}> (0x00000007154310e8) thrown at [./src/hotspot/share/prims/jni.cpp, line 617]
Event: 15.668 Thread 0x00000188179e6000 Exception <a 'java/io/IOException'{0x0000000715432330}> (0x0000000715432330) thrown at [./src/hotspot/share/prims/jni.cpp, line 617]
Event: 15.668 Thread 0x00000188179e6000 Exception <a 'java/io/IOException'{0x0000000715432940}> (0x0000000715432940) thrown at [./src/hotspot/share/prims/jni.cpp, line 617]
Event: 15.669 Thread 0x00000188179e6000 Exception <a 'java/io/IOException'{0x0000000715460198}> (0x0000000715460198) thrown at [./src/hotspot/share/prims/jni.cpp, line 617]
Event: 15.669 Thread 0x00000188179e6000 Exception <a 'java/io/IOException'{0x00000007154607a8}> (0x00000007154607a8) thrown at [./src/hotspot/share/prims/jni.cpp, line 617]
Event: 15.669 Thread 0x00000188179e6000 Exception <a 'java/io/IOException'{0x00000007154619f0}> (0x00000007154619f0) thrown at [./src/hotspot/share/prims/jni.cpp, line 617]
Event: 15.669 Thread 0x00000188179e6000 Exception <a 'java/io/IOException'{0x0000000715462000}> (0x0000000715462000) thrown at [./src/hotspot/share/prims/jni.cpp, line 617]
Event: 45.213 Thread 0x00000188179e6000 Exception <a 'java/lang/NoSuchMethodError'{0x000000070ed36d48}: 'java.lang.Object java.lang.invoke.DirectMethodHandle$Holder.invokeSpecial(java.lang.Object, java.lang.Object, int, int, int, java.lang.Object, java.lang.Object, java.lang.Object, java.lang.Object, java.lang.Object)'> (0x000000070ed36d48) thrown at [./src/hotspot/share/interpreter/linkResolver.cpp, line 773]
Event: 45.213 Thread 0x00000188179e6000 Exception <a 'java/lang/NoSuchMethodError'{0x000000070ed3a840}: 'java.lang.Object java.lang.invoke.DelegatingMethodHandle$Holder.reinvoke_L(java.lang.Object, int, int, int, java.lang.Object, java.lang.Object, java.lang.Object, java.lang.Object, java.lang.Object)'> (0x000000070ed3a840) thrown at [./src/hotspot/share/interpreter/linkResolver.cpp, line 773]
Event: 45.214 Thread 0x00000188179e6000 Exception <a 'java/lang/NoSuchMethodError'{0x000000070ed92b98}: 'java.lang.Object java.lang.invoke.DirectMethodHandle$Holder.invokeStatic(java.lang.Object, java.lang.Object, java.lang.Object, java.lang.Object, java.lang.Object, java.lang.Object, java.lang.Object, java.lang.Object, java.lang.Object, java.lang.Object, java.lang.Object, int, int, java.lang.Object, java.lang.Object, java.lang.Object)'> (0x000000070ed92b98) thrown at [./src/hotspot/share/interpreter/linkResolver.cpp, line 773]
Event: 45.214 Thread 0x00000188179e6000 Exception <a 'java/lang/NoSuchMethodError'{0x000000070eda6818}: 'java.lang.Object java.lang.invoke.Invokers$Holder.linkToTargetMethod(java.lang.Object, java.lang.Object, java.lang.Object, java.lang.Object, java.lang.Object, java.lang.Object)'> (0x000000070eda6818) thrown at [./src/hotspot/share/interpreter/linkResolver.cpp, line 773]
Event: 57.389 Thread 0x00000188179e6000 Implicit null exception at 0x00000188791a8ba8 to 0x00000188791a92b4

Events (20 events):
Event: 1649.947 Executing VM operation: RevokeBias
Event: 1649.947 Executing VM operation: RevokeBias done
Event: 1649.947 loading class javax/swing/RepaintManager$DisplayChangedRunnable
Event: 1649.948 loading class javax/swing/RepaintManager$DisplayChangedRunnable done
Event: 1711.334 Executing VM operation: G1CollectForAllocation
Event: 1711.336 Executing VM operation: G1CollectForAllocation done
Event: 1711.936 Executing VM operation: G1CollectForAllocation
Event: 1711.936 Executing VM operation: G1CollectForAllocation done
Event: 1721.741 Executing VM operation: BulkRevokeBias
Event: 1721.741 Executing VM operation: BulkRevokeBias done
Event: 1721.742 Executing VM operation: BulkRevokeBias
Event: 1721.742 Executing VM operation: BulkRevokeBias done
Event: 2637.293 Executing VM operation: G1CollectForAllocation
Event: 2637.295 Executing VM operation: G1CollectForAllocation done
Event: 2637.397 Thread 0x0000018825606800 Thread added: 0x0000018825606800
Event: 2637.397 Thread 0x000001882560b800 Thread added: 0x000001882560b800
Event: 2642.419 Thread 0x000001882560b800 Thread exited: 0x000001882560b800
Event: 2642.420 Thread 0x0000018825606800 Thread exited: 0x0000018825606800
Event: 2944.351 Executing VM operation: G1CollectForAllocation
Event: 2944.353 Executing VM operation: G1CollectForAllocation done


Dynamic libraries:
0x00007ff706590000 - 0x00007ff70659d000 	E:\\stm32cubemx\jre\bin\javaw.exe
0x00007ffa2fe90000 - 0x00007ffa300a7000 	C:\WINDOWS\SYSTEM32\ntdll.dll
0x00007ffa2e1a0000 - 0x00007ffa2e264000 	C:\WINDOWS\System32\KERNEL32.DLL
0x00007ffa2d800000 - 0x00007ffa2dba6000 	C:\WINDOWS\System32\KERNELBASE.dll
0x00007ffa29670000 - 0x00007ffa29707000 	C:\WINDOWS\SYSTEM32\apphelp.dll
0x00007ffa2d1d0000 - 0x00007ffa2d2e1000 	C:\WINDOWS\System32\ucrtbase.dll
0x00007ffa218a0000 - 0x00007ffa218b7000 	E:\\stm32cubemx\jre\bin\jli.dll
0x00007ffa1b550000 - 0x00007ffa1b565000 	E:\\stm32cubemx\jre\bin\VCRUNTIME140.dll
0x00007ffa2dff0000 - 0x00007ffa2e19e000 	C:\WINDOWS\System32\USER32.dll
0x00007ffa2d6b0000 - 0x00007ffa2d6d6000 	C:\WINDOWS\System32\win32u.dll
0x00007ffa2dd80000 - 0x00007ffa2dda9000 	C:\WINDOWS\System32\GDI32.dll
0x00007ffa2d6e0000 - 0x00007ffa2d7f8000 	C:\WINDOWS\System32\gdi32full.dll
0x00007ffa2d2f0000 - 0x00007ffa2d38a000 	C:\WINDOWS\System32\msvcp_win.dll
0x00007ffa19c10000 - 0x00007ffa19ea3000 	C:\WINDOWS\WinSxS\amd64_microsoft.windows.common-controls_6595b64144ccf1df_6.0.22621.2506_none_270c5ae97388e100\COMCTL32.dll
0x00007ffa2e5d0000 - 0x00007ffa2e677000 	C:\WINDOWS\System32\msvcrt.dll
0x00007ffa2fcb0000 - 0x00007ffa2fce1000 	C:\WINDOWS\System32\IMM32.DLL
0x00007ff9c9920000 - 0x00007ff9c99bb000 	E:\\stm32cubemx\jre\bin\msvcp140.dll
0x00007ff9c53f0000 - 0x00007ff9c5f72000 	E:\\stm32cubemx\jre\bin\server\jvm.dll
0x00007ffa2df00000 - 0x00007ffa2dfb3000 	C:\WINDOWS\System32\ADVAPI32.dll
0x00007ffa2dbe0000 - 0x00007ffa2dc88000 	C:\WINDOWS\System32\sechost.dll
0x00007ffa2dbb0000 - 0x00007ffa2dbd8000 	C:\WINDOWS\System32\bcrypt.dll
0x00007ffa2ece0000 - 0x00007ffa2edf7000 	C:\WINDOWS\System32\RPCRT4.dll
0x00007ffa2de30000 - 0x00007ffa2de38000 	C:\WINDOWS\System32\PSAPI.DLL
0x00007ffa0b6d0000 - 0x00007ffa0b6d9000 	C:\WINDOWS\SYSTEM32\WSOCK32.dll
0x00007ffa2ddb0000 - 0x00007ffa2de21000 	C:\WINDOWS\System32\WS2_32.dll
0x00007ffa215c0000 - 0x00007ffa215ca000 	C:\WINDOWS\SYSTEM32\VERSION.dll
0x00007ffa21670000 - 0x00007ffa216a4000 	C:\WINDOWS\SYSTEM32\WINMM.dll
0x00007ffa2c210000 - 0x00007ffa2c228000 	C:\WINDOWS\SYSTEM32\kernel.appcore.dll
0x00007ffa29270000 - 0x00007ffa29280000 	E:\\stm32cubemx\jre\bin\verify.dll
0x00007ffa2a8b0000 - 0x00007ffa2aae3000 	C:\WINDOWS\SYSTEM32\DBGHELP.DLL
0x00007ffa2e950000 - 0x00007ffa2ecd9000 	C:\WINDOWS\System32\combase.dll
0x00007ffa2fcf0000 - 0x00007ffa2fdc7000 	C:\WINDOWS\System32\OLEAUT32.dll
0x00007ffa0cd70000 - 0x00007ffa0cda2000 	C:\WINDOWS\SYSTEM32\dbgcore.DLL
0x00007ffa2d400000 - 0x00007ffa2d47a000 	C:\WINDOWS\System32\bcryptPrimitives.dll
0x00007ffa1b4c0000 - 0x00007ffa1b4e8000 	E:\\stm32cubemx\jre\bin\java.dll
0x00007ffa29230000 - 0x00007ffa2923a000 	E:\\stm32cubemx\jre\bin\jimage.dll
0x00007ffa1b460000 - 0x00007ffa1b478000 	E:\\stm32cubemx\jre\bin\zip.dll
0x00007ffa2ee20000 - 0x00007ffa2f67b000 	C:\WINDOWS\System32\SHELL32.dll
0x00007ffa2b130000 - 0x00007ffa2ba26000 	C:\WINDOWS\SYSTEM32\windows.storage.dll
0x00007ffa2aff0000 - 0x00007ffa2b12e000 	C:\WINDOWS\SYSTEM32\wintypes.dll
0x00007ffa2e270000 - 0x00007ffa2e363000 	C:\WINDOWS\System32\SHCORE.dll
0x00007ffa2dc90000 - 0x00007ffa2dcee000 	C:\WINDOWS\System32\shlwapi.dll
0x00007ffa2d100000 - 0x00007ffa2d126000 	C:\WINDOWS\SYSTEM32\profapi.dll
0x00007ffa1a0d0000 - 0x00007ffa1a0e9000 	E:\\stm32cubemx\jre\bin\net.dll
0x00007ffa22b30000 - 0x00007ffa22c67000 	C:\WINDOWS\SYSTEM32\WINHTTP.dll
0x00007ffa2c700000 - 0x00007ffa2c769000 	C:\WINDOWS\system32\mswsock.dll
0x00007ffa1a0b0000 - 0x00007ffa1a0c3000 	E:\\stm32cubemx\jre\bin\nio.dll
0x00007ffa28ed0000 - 0x00007ffa28ed9000 	E:\\stm32cubemx\jre\bin\management.dll
0x00007ffa28e80000 - 0x00007ffa28e8b000 	E:\\stm32cubemx\jre\bin\management_ext.dll
0x00007ff9f90d0000 - 0x00007ff9f90e7000 	C:\WINDOWS\system32\napinsp.dll
0x00007ff9f9ba0000 - 0x00007ff9f9bbb000 	C:\WINDOWS\system32\pnrpnsp.dll
0x00007ffa2bd50000 - 0x00007ffa2be49000 	C:\WINDOWS\SYSTEM32\DNSAPI.dll
0x00007ffa2bcd0000 - 0x00007ffa2bcfd000 	C:\WINDOWS\SYSTEM32\IPHLPAPI.DLL
0x00007ffa2e370000 - 0x00007ffa2e379000 	C:\WINDOWS\System32\NSI.dll
0x00007ff9f9b80000 - 0x00007ff9f9b91000 	C:\WINDOWS\System32\winrnr.dll
0x00007ffa21c90000 - 0x00007ffa21ca5000 	C:\WINDOWS\system32\wshbth.dll
0x00007ff9f8fc0000 - 0x00007ff9f8fe1000 	C:\WINDOWS\system32\nlansp_c.dll
0x0000000053520000 - 0x0000000053546000 	C:\Program Files\Bonjour\mdnsNSP.dll
0x00007ffa20e60000 - 0x00007ffa20e6a000 	C:\Windows\System32\rasadhlp.dll
0x00007ffa212e0000 - 0x00007ffa21363000 	C:\WINDOWS\System32\fwpuclnt.dll
0x00007ff9c9780000 - 0x00007ff9c991a000 	E:\\stm32cubemx\jre\bin\awt.dll
0x00007ffa2c9e0000 - 0x00007ffa2c9fb000 	C:\WINDOWS\SYSTEM32\CRYPTSP.dll
0x00007ffa2c170000 - 0x00007ffa2c1a5000 	C:\WINDOWS\system32\rsaenh.dll
0x00007ffa2c820000 - 0x00007ffa2c84c000 	C:\WINDOWS\SYSTEM32\USERENV.dll
0x00007ffa2c9d0000 - 0x00007ffa2c9dc000 	C:\WINDOWS\SYSTEM32\CRYPTBASE.dll
0x00007ffa21f90000 - 0x00007ffa21fa9000 	C:\WINDOWS\SYSTEM32\dhcpcsvc6.DLL
0x00007ffa21e20000 - 0x00007ffa21e3f000 	C:\WINDOWS\SYSTEM32\dhcpcsvc.DLL
0x00007ffa298f0000 - 0x00007ffa2999b000 	C:\WINDOWS\system32\uxtheme.dll
0x00007ffa2fb00000 - 0x00007ffa2fc51000 	C:\WINDOWS\System32\MSCTF.dll
0x00007ffa2e430000 - 0x00007ffa2e5d0000 	C:\WINDOWS\System32\ole32.dll
0x00007ffa29bc0000 - 0x00007ffa29beb000 	C:\WINDOWS\system32\DWMAPI.DLL
0x00007ffa06220000 - 0x00007ffa06320000 	C:\WINDOWS\system32\opengl32.dll
0x00007ffa061d0000 - 0x00007ffa061fd000 	C:\WINDOWS\SYSTEM32\GLU32.dll
0x00007ffa29e80000 - 0x00007ffa29eb9000 	C:\WINDOWS\SYSTEM32\dxcore.dll
0x00007ff9c96f0000 - 0x00007ff9c9773000 	E:\\stm32cubemx\jre\bin\freetype.dll
0x00007ff9c9620000 - 0x00007ff9c96e2000 	E:\\stm32cubemx\jre\bin\fontmanager.dll
0x00007ffa21850000 - 0x00007ffa21859000 	E:\\stm32cubemx\jre\bin\prefs.dll
0x00007ffa1b690000 - 0x00007ffa1b69e000 	E:\\stm32cubemx\jre\bin\sunmscapi.dll
0x00007ffa2d480000 - 0x00007ffa2d5e6000 	C:\WINDOWS\System32\CRYPT32.dll
0x00007ffa2cb70000 - 0x00007ffa2cb9e000 	C:\WINDOWS\SYSTEM32\ncrypt.dll
0x00007ffa2cb30000 - 0x00007ffa2cb67000 	C:\WINDOWS\SYSTEM32\NTASN1.dll
0x00007ffa101c0000 - 0x00007ffa101e5000 	E:\\stm32cubemx\jre\bin\sunec.dll
0x00007ffa2ce70000 - 0x00007ffa2ce82000 	C:\WINDOWS\SYSTEM32\MSASN1.dll
0x00007ffa2c790000 - 0x00007ffa2c7b6000 	C:\WINDOWS\SYSTEM32\gpapi.dll
0x00007ffa20eb0000 - 0x00007ffa20ee2000 	C:\WINDOWS\SYSTEM32\cryptnet.dll
0x00007ffa0ff70000 - 0x00007ffa0ff9d000 	E:\\stm32cubemx\jre\bin\javajpeg.dll
0x00007ffa2e380000 - 0x00007ffa2e430000 	C:\WINDOWS\System32\clbcatq.dll
0x00007ffa287a0000 - 0x00007ffa28950000 	C:\WINDOWS\SYSTEM32\WindowsCodecs.dll
0x00007ffa10dc0000 - 0x00007ffa10e1e000 	C:\WINDOWS\system32\dataexchange.dll
0x00007ffa1ffd0000 - 0x00007ffa20257000 	C:\WINDOWS\system32\twinapi.appcore.dll
0x00007ffa0e4d0000 - 0x00007ffa0e61a000 	C:\WINDOWS\SYSTEM32\textinputframework.dll
0x0000000067740000 - 0x0000000067818000 	C:\temp\sqlite-3.34.0-8a81cdb3-7830-46aa-9b77-e1e88546a15a-sqlitejdbc.dll
0x00007ffa28d40000 - 0x00007ffa28e74000 	C:\WINDOWS\SYSTEM32\CoreMessaging.dll
0x00007ffa23480000 - 0x00007ffa237ec000 	C:\WINDOWS\SYSTEM32\CoreUIComponents.dll
0x00007ffa1c050000 - 0x00007ffa1c100000 	C:\WINDOWS\SYSTEM32\TextShaping.dll

dbghelp: loaded successfully - version: 4.0.5 - missing functions: none
symbol engine: initialized successfully - sym options: 0x614 - pdb path: .;E:\\stm32cubemx\jre\bin;C:\WINDOWS\SYSTEM32;C:\WINDOWS\WinSxS\amd64_microsoft.windows.common-controls_6595b64144ccf1df_6.0.22621.2506_none_270c5ae97388e100;E:\\stm32cubemx\jre\bi;E:\\stm32cubemx\jr;E:\\stm32cubem;E:\\stm32c;E:\\st;E:\?E:\;E:\;E:\\stm32cubemx\jre\b;E:\\stm32cubemx\j;E:\\stm32cube;E:\\stm32;E:\\s;E:\;E:\?E:\;E:\\;E:\?E:\

VM Arguments:
jvm_args: -Djavax.net.ssl.trustStoreType=WINDOWS-ROOT 
java_command: com.st.microxplorer.maingui.STM32CubeMX E:\freertos_project\Smartlocks_Project\Smartlocks_Project.ioc
java_class_path (initial): E:\\stm32cubemx\STM32CubeMX.exe;anything
Launcher Type: SUN_STANDARD

[Global flags]
     intx CICompilerCount                          = 12                                        {product} {ergonomic}
     uint ConcGCThreads                            = 3                                         {product} {ergonomic}
     uint G1ConcRefinementThreads                  = 13                                        {product} {ergonomic}
   size_t G1HeapRegionSize                         = 1048576                                   {product} {ergonomic}
    uintx GCDrainStackTargetSize                   = 64                                        {product} {ergonomic}
   size_t InitialHeapSize                          = 264241152                                 {product} {ergonomic}
   size_t MarkStackSize                            = 4194304                                   {product} {ergonomic}
   size_t MaxHeapSize                              = 4217372672                                {product} {ergonomic}
   size_t MaxNewSize                               = 2530213888                                {product} {ergonomic}
   size_t MinHeapDeltaBytes                        = 1048576                                   {product} {ergonomic}
    uintx NonNMethodCodeHeapSize                   = 7594288                                {pd product} {ergonomic}
    uintx NonProfiledCodeHeapSize                  = 122031976                              {pd product} {ergonomic}
    uintx ProfiledCodeHeapSize                     = 122031976                              {pd product} {ergonomic}
    uintx ReservedCodeCacheSize                    = 251658240                              {pd product} {ergonomic}
     bool SegmentedCodeCache                       = true                                      {product} {ergonomic}
     bool UseCompressedClassPointers               = true                                 {lp64_product} {ergonomic}
     bool UseCompressedOops                        = true                                 {lp64_product} {ergonomic}
     bool UseG1GC                                  = true                                      {product} {ergonomic}
     bool UseLargePagesIndividualAllocation        = false                                  {pd product} {ergonomic}

Logging:
Log output configuration:
 #0: stdout all=warning uptime,level,tags
 #1: stderr all=off uptime,level,tags

Environment Variables:
JAVA_HOME=E:\jdk
PATH=E:\\stm32cubemx\;C:\WINDOWS\system32;C:\WINDOWS;C:\WINDOWS\System32\Wbem;C:\WINDOWS\System32\WindowsPowerShell\v1.0\;C:\WINDOWS\System32\OpenSSH\;C:\Users\Administrator\AppData\Local\Microsoft\WindowsApps;C:\Recovery\OEM\Backup\;C:\Program Files (x86)\NVIDIA Corporation\PhysX\Common;C:\Program Files\NVIDIA Corporation\NVIDIA NvDLISR;C:\Recovery\OEM\Backup\;E:\\web\dll;E:\\nodejs\;E:\jdk\bin;E:\jdk\jre\bin;E:\\Xfttp\;C:\Program Files (x86)\Windows Kits\10\Windows Performance Toolkit\;C:\Program Files\dotnet\;C:\Program Files\Microsoft SQL Server\Client SDK\ODBC\170\Tools\Binn\;C:\Program Files (x86)\Microsoft SQL Server\150\Tools\Binn\;C:\Program Files\Microsoft SQL Server\150\Tools\Binn\;C:\Program Files\Microsoft SQL Server\150\DTS\Binn\;C:\Program Files\Azure Data Studio\bin;C:\Program Files (x86)\Microsoft SQL Server\160\DTS\Binn\;F:\matlab\runtime\win64;F:\matlab\bin;C:\Program Files (x86)\STMicroelectronics\STM32 ST-LINK Utility\ST-LINK Utility;C:\Program Files\MySQL\MySQL Shell 8.0\bin\;C:\Users\\AppData\Local\Microsoft\WindowsApps;E:\\Microsoft VS Code\bin;C:\Users\\AppData\Roaming\npm;D:\qq\Hall.57986\;C:\Program Files\Azure Data Studio\bin;E:\\stm32cubemx\.\jre\\bin
USERNAME=
OS=Windows_NT
PROCESSOR_IDENTIFIER=Intel64 Family 6 Model 154 Stepping 3, GenuineIntel
TMP=C:\temp
TEMP=C:\temp



---------------  S Y S T E M  ---------------

OS: Windows 11 , 64 bit Build 22621 (10.0.22621.3085)
OS uptime: 1 days 3:10 hours

CPU:total 16 (initial active 16) (8 cores per cpu, 2 threads per core) family 6 model 154 stepping 3 microcode 0x428, cmov, cx8, fxsr, mmx, sse, sse2, sse3, ssse3, sse4.1, sse4.2, popcnt, avx, avx2, aes, clmul, erms, 3dnowpref, lzcnt, ht, tsc, tscinvbit, bmi1, bmi2, adx, sha, fma

Memory: 4k page, system-wide physical 16087M (5644M free)
TotalPageFile size 16087M (AvailPageFile size 19M)
current process WorkingSet (physical memory assigned to process): 286M, peak: 616M
current process commit charge ("private bytes"): 578M, peak: 673M

vm_info: OpenJDK 64-Bit Server VM (11.0.17+8) for windows-amd64 JRE (11.0.17+8), built on Oct 19 2022 00:04:05 by "" with MS VC++ 15.9 (VS2017)

END.
